Using pre-set license
Built from '2020.3/staging' branch; Version is '2020.3.14f1 (d0d1bb862f9d) revision 13685179'; Using compiler version '192528614'; Build Type 'Release'
OS: 'Windows 10 Pro; OS build 19041.1415; Version 2004; 64bit' Language: 'es' Physical Memory: 15761 MB
BatchMode: 1, IsHumanControllingUs: 0, StartBugReporterOnCrash: 0, Is64bit: 1, IsPro: 0

 COMMAND LINE ARGUMENTS:
C:\Program Files\Unity\Editor\Unity.exe
-adb2
-batchMode
-noUpm
-name
AssetImportWorker0
-projectPath
C:/Users/Administrador/Desktop/holberton/holbertonschool-unity/0x08-unity-audio
-logFile
Logs/AssetImportWorker0.log
-srvPort
55258
Successfully changed project path to: C:/Users/Administrador/Desktop/holberton/holbertonschool-unity/0x08-unity-audio
C:/Users/Administrador/Desktop/holberton/holbertonschool-unity/0x08-unity-audio
Using Asset Import Pipeline V2.
Refreshing native plugins compatible for Editor in 30.29 ms, found 2 plugins.
Preloading 0 native plugins for Editor in 0.00 ms.
Initialize engine version: 2020.3.14f1 (d0d1bb862f9d)
[Subsystems] Discovering subsystems at path C:/Program Files/Unity/Editor/Data/Resources/UnitySubsystems
[Subsystems] Discovering subsystems at path C:/Users/Administrador/Desktop/holberton/holbertonschool-unity/0x08-unity-audio/Assets
GfxDevice: creating device client; threaded=0
Direct3D:
    Version:  Direct3D 11.0 [level 11.1]
    Renderer: AMD Radeon(TM) Graphics (ID=0x1638)
    Vendor:   
    VRAM:     7880 MB
    Driver:   30.0.13023.4001
Initialize mono
Mono path[0] = 'C:/Program Files/Unity/Editor/Data/Managed'
Mono path[1] = 'C:/Program Files/Unity/Editor/Data/MonoBleedingEdge/lib/mono/unityjit'
Mono config path = 'C:/Program Files/Unity/Editor/Data/MonoBleedingEdge/etc'
Using monoOptions --debugger-agent=transport=dt_socket,embedding=1,server=y,suspend=n,address=127.0.0.1:56536
Begin MonoManager ReloadAssembly
Registering precompiled unity dll's ...
Register platform support module: C:/Program Files/Unity/Editor/Data/PlaybackEngines/MacStandaloneSupport/UnityEditor.OSXStandalone.Extensions.dll
Register platform support module: C:/Program Files/Unity/Editor/Data/PlaybackEngines/WindowsStandaloneSupport/UnityEditor.WindowsStandalone.Extensions.dll
Register platform support module: C:/Program Files/Unity/Editor/Data/PlaybackEngines/LinuxStandaloneSupport/UnityEditor.LinuxStandalone.Extensions.dll
Registered in 0.002269 seconds.
Native extension for LinuxStandalone target not found
Native extension for WindowsStandalone target not found
Native extension for OSXStandalone target not found
Refreshing native plugins compatible for Editor in 27.87 ms, found 2 plugins.
Preloading 0 native plugins for Editor in 0.00 ms.
Mono: successfully reloaded assembly
- Completed reload, in  0.820 seconds
Domain Reload Profiling:
	ReloadAssembly (821ms)
		BeginReloadAssembly (43ms)
			ExecutionOrderSort (0ms)
			DisableScriptedObjects (0ms)
			BackupInstance (0ms)
			ReleaseScriptingObjects (0ms)
			CreateAndSetChildDomain (1ms)
		EndReloadAssembly (313ms)
			LoadAssemblies (41ms)
			RebuildTransferFunctionScriptingTraits (0ms)
			SetupTypeCache (108ms)
			ReleaseScriptCaches (0ms)
			RebuildScriptCaches (21ms)
			SetupLoadedEditorAssemblies (127ms)
				LogAssemblyErrors (0ms)
				InitializePlatformSupportModulesInManaged (5ms)
				SetLoadedEditorAssemblies (0ms)
				RefreshPlugins (28ms)
				BeforeProcessingInitializeOnLoad (11ms)
				ProcessInitializeOnLoadAttributes (62ms)
				ProcessInitializeOnLoadMethodAttributes (21ms)
				AfterProcessingInitializeOnLoad (0ms)
				EditorAssembliesLoaded (0ms)
			ExecutionOrderSort2 (0ms)
			AwakeInstancesAfterBackupRestoration (0ms)
Platform modules already initialized, skipping
Registering precompiled user dll's ...
Registered in 0.003314 seconds.
Begin MonoManager ReloadAssembly
Native extension for LinuxStandalone target not found
Native extension for WindowsStandalone target not found
Native extension for OSXStandalone target not found
Refreshing native plugins compatible for Editor in 0.64 ms, found 2 plugins.
Preloading 0 native plugins for Editor in 0.00 ms.
Mono: successfully reloaded assembly
- Completed reload, in  0.810 seconds
Domain Reload Profiling:
	ReloadAssembly (811ms)
		BeginReloadAssembly (106ms)
			ExecutionOrderSort (0ms)
			DisableScriptedObjects (3ms)
			BackupInstance (0ms)
			ReleaseScriptingObjects (0ms)
			CreateAndSetChildDomain (17ms)
		EndReloadAssembly (652ms)
			LoadAssemblies (78ms)
			RebuildTransferFunctionScriptingTraits (0ms)
			SetupTypeCache (205ms)
			ReleaseScriptCaches (0ms)
			RebuildScriptCaches (29ms)
			SetupLoadedEditorAssemblies (253ms)
				LogAssemblyErrors (0ms)
				InitializePlatformSupportModulesInManaged (7ms)
				SetLoadedEditorAssemblies (0ms)
				RefreshPlugins (1ms)
				BeforeProcessingInitializeOnLoad (70ms)
				ProcessInitializeOnLoadAttributes (162ms)
				ProcessInitializeOnLoadMethodAttributes (7ms)
				AfterProcessingInitializeOnLoad (5ms)
				EditorAssembliesLoaded (0ms)
			ExecutionOrderSort2 (0ms)
			AwakeInstancesAfterBackupRestoration (5ms)
Platform modules already initialized, skipping
========================================================================
Worker process is ready to serve import requests
Launched and connected shader compiler UnityShaderCompiler.exe after 0.04 seconds
Refreshing native plugins compatible for Editor in 0.41 ms, found 2 plugins.
Preloading 0 native plugins for Editor in 0.00 ms.
Unloading 1548 Unused Serialized files (Serialized files now loaded: 0)
System memory in use before: 70.7 MB.
System memory in use after: 70.8 MB.

Unloading 19 unused Assets to reduce memory usage. Loaded Objects now: 1982.
Total: 2.106100 ms (FindLiveObjects: 0.167000 ms CreateObjectMapping: 0.059500 ms MarkObjects: 1.826200 ms  DeleteObjects: 0.052400 ms)

AssetImportParameters requested are different than current active one (requested -> active):
  custom:framework-win-MediaFoundation: 216162199b28c13a410421893ffa2e32 -> 
  custom:video-decoder-ogg-theora: a1e56fd34408186e4bbccfd4996cb3dc -> 
  custom:container-muxer-webm: aa71ff27fc2769a1b78a27578f13a17b -> 
  custom:container-demuxer-webm: 4f35f7cbe854078d1ac9338744f61a02 -> 
  custom:container-demuxer-ogg: 62fdf1f143b41e24485cea50d1cbac27 -> 
  custom:video-encoder-webm-vp8: eb34c28f22e8b96e1ab97ce403110664 -> 
  custom:video-decoder-webm-vp8: 9c59270c3fd7afecdb556c50c9e8de78 -> 
  custom:audio-decoder-ogg-vorbis: bf7c407c2cedff20999df2af8eb42d56 -> 
  custom:audio-encoder-webm-vorbis: bf7c407c2cedff20999df2af8eb42d56 -> 
========================================================================
Received Import Request.
  path: Assets/Scripts/AnimationSounds.cs
  artifactKey: Guid(09d1c49e986e0b649b8b94c8a0afdb35) Importer(815301076,1909f56bfc062723c751e8b465ee728b)
Start importing Assets/Scripts/AnimationSounds.cs using Guid(09d1c49e986e0b649b8b94c8a0afdb35) Importer(815301076,1909f56bfc062723c751e8b465ee728b)  -> (artifact id: '27ac0e2a09ba21036442f94a027900f5') in 0.031783 seconds 
  Import took 0.034161 seconds .

========================================================================
Received Import Request.
  Time since last request: 206.181583 seconds.
  path: Assets/Animations/ty@Falling Flat Impact.fbx
  artifactKey: Guid(eedfc3ecffa51604ca6404b8bd3eedfd) Importer(815301076,1909f56bfc062723c751e8b465ee728b)
Start importing Assets/Animations/ty@Falling Flat Impact.fbx using Guid(eedfc3ecffa51604ca6404b8bd3eedfd) Importer(815301076,1909f56bfc062723c751e8b465ee728b)  -> (artifact id: '6363ce14da05237ed03f05086fe2b0f6') in 0.031671 seconds 
  Import took 0.034490 seconds .

========================================================================
Received Import Request.
  Time since last request: 69.518922 seconds.
  path: Assets/Animations/ty@Falling Flat Impact.fbx
  artifactKey: Guid(eedfc3ecffa51604ca6404b8bd3eedfd) Importer(815301076,1909f56bfc062723c751e8b465ee728b)
Start importing Assets/Animations/ty@Falling Flat Impact.fbx using Guid(eedfc3ecffa51604ca6404b8bd3eedfd) Importer(815301076,1909f56bfc062723c751e8b465ee728b)  -> (artifact id: '3a23db3290e73de150ecf3485b6a9cce') in 0.007373 seconds 
  Import took 0.010022 seconds .

========================================================================
Received Import Request.
  Time since last request: 0.006254 seconds.
  path: Assets/Animations/ty@Falling Flat Impact.fbx
  artifactKey: Guid(eedfc3ecffa51604ca6404b8bd3eedfd) Importer(815301076,1909f56bfc062723c751e8b465ee728b)
Start importing Assets/Animations/ty@Falling Flat Impact.fbx using Guid(eedfc3ecffa51604ca6404b8bd3eedfd) Importer(815301076,1909f56bfc062723c751e8b465ee728b)  -> (artifact id: '3a23db3290e73de150ecf3485b6a9cce') in 0.006639 seconds 
  Import took 0.009492 seconds .

========================================================================
Received Import Request.
  Time since last request: 214.659372 seconds.
  path: Assets/Audio/MasterMixer.mixer
  artifactKey: Guid(5447a5cc068cc68499fffb809ec0ceaf) Importer(815301076,1909f56bfc062723c751e8b465ee728b)
Start importing Assets/Audio/MasterMixer.mixer using Guid(5447a5cc068cc68499fffb809ec0ceaf) Importer(815301076,1909f56bfc062723c751e8b465ee728b)  -> (artifact id: '77ea252bfaf561deac1604ea8e03610d') in 0.009008 seconds 
  Import took 0.011634 seconds .

========================================================================
Received Import Request.
  Time since last request: 0.282138 seconds.
  path: Assets/Audio/MasterMixer.mixer
  artifactKey: Guid(5447a5cc068cc68499fffb809ec0ceaf) Importer(815301076,1909f56bfc062723c751e8b465ee728b)
Start importing Assets/Audio/MasterMixer.mixer using Guid(5447a5cc068cc68499fffb809ec0ceaf) Importer(815301076,1909f56bfc062723c751e8b465ee728b)  -> (artifact id: '77ea252bfaf561deac1604ea8e03610d') in 0.004155 seconds 
  Import took 0.006711 seconds .

========================================================================
Received Import Request.
  Time since last request: 12.942063 seconds.
  path: Assets/Audio/MasterMixer.mixer
  artifactKey: Guid(5447a5cc068cc68499fffb809ec0ceaf) Importer(815301076,1909f56bfc062723c751e8b465ee728b)
Start importing Assets/Audio/MasterMixer.mixer using Guid(5447a5cc068cc68499fffb809ec0ceaf) Importer(815301076,1909f56bfc062723c751e8b465ee728b)  -> (artifact id: '4afb13b55c6a4ac4253ac6901b7a3553') in 0.003841 seconds 
  Import took 0.006932 seconds .

========================================================================
Received Prepare
Registering precompiled user dll's ...
Registered in 0.003174 seconds.
Begin MonoManager ReloadAssembly
Native extension for LinuxStandalone target not found
Native extension for WindowsStandalone target not found
Native extension for OSXStandalone target not found
Refreshing native plugins compatible for Editor in 0.38 ms, found 2 plugins.
Preloading 0 native plugins for Editor in 0.00 ms.
Mono: successfully reloaded assembly
- Completed reload, in  0.727 seconds
Domain Reload Profiling:
	ReloadAssembly (728ms)
		BeginReloadAssembly (112ms)
			ExecutionOrderSort (0ms)
			DisableScriptedObjects (3ms)
			BackupInstance (0ms)
			ReleaseScriptingObjects (0ms)
			CreateAndSetChildDomain (37ms)
		EndReloadAssembly (567ms)
			LoadAssemblies (67ms)
			RebuildTransferFunctionScriptingTraits (0ms)
			SetupTypeCache (192ms)
			ReleaseScriptCaches (1ms)
			RebuildScriptCaches (25ms)
			SetupLoadedEditorAssemblies (215ms)
				LogAssemblyErrors (0ms)
				InitializePlatformSupportModulesInManaged (6ms)
				SetLoadedEditorAssemblies (0ms)
				RefreshPlugins (0ms)
				BeforeProcessingInitializeOnLoad (55ms)
				ProcessInitializeOnLoadAttributes (139ms)
				ProcessInitializeOnLoadMethodAttributes (8ms)
				AfterProcessingInitializeOnLoad (6ms)
				EditorAssembliesLoaded (0ms)
			ExecutionOrderSort2 (0ms)
			AwakeInstancesAfterBackupRestoration (6ms)
Platform modules already initialized, skipping
Refreshing native plugins compatible for Editor in 0.37 ms, found 2 plugins.
Preloading 0 native plugins for Editor in 0.00 ms.
Unloading 1542 Unused Serialized files (Serialized files now loaded: 0)
System memory in use before: 70.6 MB.
System memory in use after: 70.7 MB.

Unloading 14 unused Assets to reduce memory usage. Loaded Objects now: 1984.
Total: 2.107600 ms (FindLiveObjects: 0.219200 ms CreateObjectMapping: 0.091200 ms MarkObjects: 1.775900 ms  DeleteObjects: 0.020000 ms)

AssetImportParameters requested are different than current active one (requested -> active):
  custom:framework-win-MediaFoundation: 216162199b28c13a410421893ffa2e32 -> 
  custom:video-decoder-ogg-theora: a1e56fd34408186e4bbccfd4996cb3dc -> 
  custom:container-muxer-webm: aa71ff27fc2769a1b78a27578f13a17b -> 
  custom:container-demuxer-webm: 4f35f7cbe854078d1ac9338744f61a02 -> 
  custom:container-demuxer-ogg: 62fdf1f143b41e24485cea50d1cbac27 -> 
  custom:video-encoder-webm-vp8: eb34c28f22e8b96e1ab97ce403110664 -> 
  custom:video-decoder-webm-vp8: 9c59270c3fd7afecdb556c50c9e8de78 -> 
  custom:audio-decoder-ogg-vorbis: bf7c407c2cedff20999df2af8eb42d56 -> 
  custom:audio-encoder-webm-vorbis: bf7c407c2cedff20999df2af8eb42d56 -> 
========================================================================
Received Import Request.
  Time since last request: 80.764678 seconds.
  path: Assets/Audio/MasterMixer.mixer
  artifactKey: Guid(5447a5cc068cc68499fffb809ec0ceaf) Importer(815301076,1909f56bfc062723c751e8b465ee728b)
Start importing Assets/Audio/MasterMixer.mixer using Guid(5447a5cc068cc68499fffb809ec0ceaf) Importer(815301076,1909f56bfc062723c751e8b465ee728b)  -> (artifact id: '1610c3d490c4ab30bc1bb76c5c640272') in 0.010645 seconds 
  Import took 0.013251 seconds .

========================================================================
Received Import Request.
  Time since last request: 0.000635 seconds.
  path: Assets/Audio/MasterMixer.mixer
  artifactKey: Guid(5447a5cc068cc68499fffb809ec0ceaf) Importer(815301076,1909f56bfc062723c751e8b465ee728b)
Start importing Assets/Audio/MasterMixer.mixer using Guid(5447a5cc068cc68499fffb809ec0ceaf) Importer(815301076,1909f56bfc062723c751e8b465ee728b)  -> (artifact id: '1610c3d490c4ab30bc1bb76c5c640272') in 0.003827 seconds 
  Import took 0.006349 seconds .

AssetImportWorkerClient::OnTransportError - code=2 error=End of file
