Using pre-set license
Built from '2020.3/staging' branch; Version is '2020.3.14f1 (d0d1bb862f9d) revision 13685179'; Using compiler version '192528614'; Build Type 'Release'
OS: 'Windows 10 Pro; OS build 19041.1415; Version 2004; 64bit' Language: 'es' Physical Memory: 15761 MB
BatchMode: 1, IsHumanControllingUs: 0, StartBugReporterOnCrash: 0, Is64bit: 1, IsPro: 0

 COMMAND LINE ARGUMENTS:
C:\Program Files\Unity\Editor\Unity.exe
-adb2
-batchMode
-noUpm
-name
AssetImportWorker0
-projectPath
C:/Users/Administrador/Desktop/holberton/holbertonschool-unity/0x08-unity-audio
-logFile
Logs/AssetImportWorker0.log
-srvPort
59857
Successfully changed project path to: C:/Users/Administrador/Desktop/holberton/holbertonschool-unity/0x08-unity-audio
C:/Users/Administrador/Desktop/holberton/holbertonschool-unity/0x08-unity-audio
Using Asset Import Pipeline V2.
Refreshing native plugins compatible for Editor in 29.76 ms, found 2 plugins.
Preloading 0 native plugins for Editor in 0.00 ms.
Initialize engine version: 2020.3.14f1 (d0d1bb862f9d)
[Subsystems] Discovering subsystems at path C:/Program Files/Unity/Editor/Data/Resources/UnitySubsystems
[Subsystems] Discovering subsystems at path C:/Users/Administrador/Desktop/holberton/holbertonschool-unity/0x08-unity-audio/Assets
GfxDevice: creating device client; threaded=0
Direct3D:
    Version:  Direct3D 11.0 [level 11.1]
    Renderer: AMD Radeon(TM) Graphics (ID=0x1638)
    Vendor:   
    VRAM:     7880 MB
    Driver:   30.0.13023.4001
Initialize mono
Mono path[0] = 'C:/Program Files/Unity/Editor/Data/Managed'
Mono path[1] = 'C:/Program Files/Unity/Editor/Data/MonoBleedingEdge/lib/mono/unityjit'
Mono config path = 'C:/Program Files/Unity/Editor/Data/MonoBleedingEdge/etc'
Using monoOptions --debugger-agent=transport=dt_socket,embedding=1,server=y,suspend=n,address=127.0.0.1:56172
Begin MonoManager ReloadAssembly
Registering precompiled unity dll's ...
Register platform support module: C:/Program Files/Unity/Editor/Data/PlaybackEngines/MacStandaloneSupport/UnityEditor.OSXStandalone.Extensions.dll
Register platform support module: C:/Program Files/Unity/Editor/Data/PlaybackEngines/WindowsStandaloneSupport/UnityEditor.WindowsStandalone.Extensions.dll
Register platform support module: C:/Program Files/Unity/Editor/Data/PlaybackEngines/LinuxStandaloneSupport/UnityEditor.LinuxStandalone.Extensions.dll
Registered in 0.002009 seconds.
Native extension for LinuxStandalone target not found
Native extension for WindowsStandalone target not found
Native extension for OSXStandalone target not found
Refreshing native plugins compatible for Editor in 27.61 ms, found 2 plugins.
Preloading 0 native plugins for Editor in 0.00 ms.
Mono: successfully reloaded assembly
- Completed reload, in  0.768 seconds
Domain Reload Profiling:
	ReloadAssembly (768ms)
		BeginReloadAssembly (40ms)
			ExecutionOrderSort (0ms)
			DisableScriptedObjects (0ms)
			BackupInstance (0ms)
			ReleaseScriptingObjects (0ms)
			CreateAndSetChildDomain (1ms)
		EndReloadAssembly (298ms)
			LoadAssemblies (38ms)
			RebuildTransferFunctionScriptingTraits (0ms)
			SetupTypeCache (101ms)
			ReleaseScriptCaches (0ms)
			RebuildScriptCaches (21ms)
			SetupLoadedEditorAssemblies (123ms)
				LogAssemblyErrors (0ms)
				InitializePlatformSupportModulesInManaged (5ms)
				SetLoadedEditorAssemblies (0ms)
				RefreshPlugins (28ms)
				BeforeProcessingInitializeOnLoad (11ms)
				ProcessInitializeOnLoadAttributes (60ms)
				ProcessInitializeOnLoadMethodAttributes (20ms)
				AfterProcessingInitializeOnLoad (0ms)
				EditorAssembliesLoaded (0ms)
			ExecutionOrderSort2 (0ms)
			AwakeInstancesAfterBackupRestoration (0ms)
Platform modules already initialized, skipping
Registering precompiled user dll's ...
Registered in 0.003110 seconds.
Begin MonoManager ReloadAssembly
Native extension for LinuxStandalone target not found
Native extension for WindowsStandalone target not found
Native extension for OSXStandalone target not found
Refreshing native plugins compatible for Editor in 0.39 ms, found 2 plugins.
Preloading 0 native plugins for Editor in 0.00 ms.
Mono: successfully reloaded assembly
- Completed reload, in  0.808 seconds
Domain Reload Profiling:
	ReloadAssembly (809ms)
		BeginReloadAssembly (105ms)
			ExecutionOrderSort (0ms)
			DisableScriptedObjects (3ms)
			BackupInstance (0ms)
			ReleaseScriptingObjects (0ms)
			CreateAndSetChildDomain (17ms)
		EndReloadAssembly (657ms)
			LoadAssemblies (66ms)
			RebuildTransferFunctionScriptingTraits (0ms)
			SetupTypeCache (232ms)
			ReleaseScriptCaches (0ms)
			RebuildScriptCaches (33ms)
			SetupLoadedEditorAssemblies (256ms)
				LogAssemblyErrors (0ms)
				InitializePlatformSupportModulesInManaged (6ms)
				SetLoadedEditorAssemblies (0ms)
				RefreshPlugins (0ms)
				BeforeProcessingInitializeOnLoad (63ms)
				ProcessInitializeOnLoadAttributes (173ms)
				ProcessInitializeOnLoadMethodAttributes (8ms)
				AfterProcessingInitializeOnLoad (5ms)
				EditorAssembliesLoaded (0ms)
			ExecutionOrderSort2 (0ms)
			AwakeInstancesAfterBackupRestoration (5ms)
Platform modules already initialized, skipping
========================================================================
Worker process is ready to serve import requests
Launched and connected shader compiler UnityShaderCompiler.exe after 0.04 seconds
Refreshing native plugins compatible for Editor in 0.39 ms, found 2 plugins.
Preloading 0 native plugins for Editor in 0.00 ms.
Unloading 1546 Unused Serialized files (Serialized files now loaded: 0)
System memory in use before: 70.7 MB.
System memory in use after: 70.7 MB.

Unloading 19 unused Assets to reduce memory usage. Loaded Objects now: 1980.
Total: 1.762500 ms (FindLiveObjects: 0.159700 ms CreateObjectMapping: 0.070800 ms MarkObjects: 1.482900 ms  DeleteObjects: 0.048600 ms)

AssetImportParameters requested are different than current active one (requested -> active):
  custom:framework-win-MediaFoundation: 216162199b28c13a410421893ffa2e32 -> 
  custom:video-decoder-ogg-theora: a1e56fd34408186e4bbccfd4996cb3dc -> 
  custom:container-muxer-webm: aa71ff27fc2769a1b78a27578f13a17b -> 
  custom:container-demuxer-webm: 4f35f7cbe854078d1ac9338744f61a02 -> 
  custom:container-demuxer-ogg: 62fdf1f143b41e24485cea50d1cbac27 -> 
  custom:video-encoder-webm-vp8: eb34c28f22e8b96e1ab97ce403110664 -> 
  custom:video-decoder-webm-vp8: 9c59270c3fd7afecdb556c50c9e8de78 -> 
  custom:audio-decoder-ogg-vorbis: bf7c407c2cedff20999df2af8eb42d56 -> 
  custom:audio-encoder-webm-vorbis: bf7c407c2cedff20999df2af8eb42d56 -> 
========================================================================
Received Import Request.
  path: Assets/Scripts/MainMenu.cs
  artifactKey: Guid(e633ef63bec0e964087946f3e775c472) Importer(815301076,1909f56bfc062723c751e8b465ee728b)
Start importing Assets/Scripts/MainMenu.cs using Guid(e633ef63bec0e964087946f3e775c472) Importer(815301076,1909f56bfc062723c751e8b465ee728b)  -> (artifact id: '0154ed1488b98fa459efb9b24ed76c56') in 0.035074 seconds 
  Import took 0.037648 seconds .

========================================================================
Received Prepare
Refreshing native plugins compatible for Editor in 2.40 ms, found 2 plugins.
Preloading 0 native plugins for Editor in 0.00 ms.
Unloading 12 Unused Serialized files (Serialized files now loaded: 0)
System memory in use before: 39.6 MB.
System memory in use after: 39.7 MB.

Unloading 12 unused Assets to reduce memory usage. Loaded Objects now: 1980.
Total: 1.700600 ms (FindLiveObjects: 0.141500 ms CreateObjectMapping: 0.044600 ms MarkObjects: 1.504300 ms  DeleteObjects: 0.009700 ms)

AssetImportParameters requested are different than current active one (requested -> active):
  custom:framework-win-MediaFoundation: 216162199b28c13a410421893ffa2e32 -> 
  custom:video-decoder-ogg-theora: a1e56fd34408186e4bbccfd4996cb3dc -> 
  custom:container-muxer-webm: aa71ff27fc2769a1b78a27578f13a17b -> 
  custom:container-demuxer-webm: 4f35f7cbe854078d1ac9338744f61a02 -> 
  custom:container-demuxer-ogg: 62fdf1f143b41e24485cea50d1cbac27 -> 
  custom:video-encoder-webm-vp8: eb34c28f22e8b96e1ab97ce403110664 -> 
  custom:video-decoder-webm-vp8: 9c59270c3fd7afecdb556c50c9e8de78 -> 
  custom:audio-decoder-ogg-vorbis: bf7c407c2cedff20999df2af8eb42d56 -> 
  custom:audio-encoder-webm-vorbis: bf7c407c2cedff20999df2af8eb42d56 -> 
========================================================================
Received Import Request.
  Time since last request: 46.898151 seconds.
  path: Assets/Scripts/MainMenu.cs
  artifactKey: Guid(e633ef63bec0e964087946f3e775c472) Importer(815301076,1909f56bfc062723c751e8b465ee728b)
Start importing Assets/Scripts/MainMenu.cs using Guid(e633ef63bec0e964087946f3e775c472) Importer(815301076,1909f56bfc062723c751e8b465ee728b)  -> (artifact id: 'b5a7bdc15bdd55c54868b13df16e34ac') in 0.002604 seconds 
  Import took 0.004906 seconds .

========================================================================
Received Import Request.
  Time since last request: 33.520196 seconds.
  path: Assets/Scripts/MainMenu.cs
  artifactKey: Guid(e633ef63bec0e964087946f3e775c472) Importer(815301076,1909f56bfc062723c751e8b465ee728b)
Start importing Assets/Scripts/MainMenu.cs using Guid(e633ef63bec0e964087946f3e775c472) Importer(815301076,1909f56bfc062723c751e8b465ee728b)  -> (artifact id: '6cd469b097a20ea89de04c309a53828b') in 0.002948 seconds 
  Import took 0.005868 seconds .

========================================================================
Received Prepare
Registering precompiled user dll's ...
Registered in 0.003109 seconds.
Begin MonoManager ReloadAssembly
Native extension for LinuxStandalone target not found
Native extension for WindowsStandalone target not found
Native extension for OSXStandalone target not found
Refreshing native plugins compatible for Editor in 0.41 ms, found 2 plugins.
Preloading 0 native plugins for Editor in 0.00 ms.
Mono: successfully reloaded assembly
- Completed reload, in  0.679 seconds
Domain Reload Profiling:
	ReloadAssembly (679ms)
		BeginReloadAssembly (90ms)
			ExecutionOrderSort (0ms)
			DisableScriptedObjects (3ms)
			BackupInstance (0ms)
			ReleaseScriptingObjects (0ms)
			CreateAndSetChildDomain (28ms)
		EndReloadAssembly (544ms)
			LoadAssemblies (66ms)
			RebuildTransferFunctionScriptingTraits (0ms)
			SetupTypeCache (185ms)
			ReleaseScriptCaches (1ms)
			RebuildScriptCaches (24ms)
			SetupLoadedEditorAssemblies (208ms)
				LogAssemblyErrors (0ms)
				InitializePlatformSupportModulesInManaged (5ms)
				SetLoadedEditorAssemblies (1ms)
				RefreshPlugins (0ms)
				BeforeProcessingInitializeOnLoad (50ms)
				ProcessInitializeOnLoadAttributes (140ms)
				ProcessInitializeOnLoadMethodAttributes (6ms)
				AfterProcessingInitializeOnLoad (5ms)
				EditorAssembliesLoaded (0ms)
			ExecutionOrderSort2 (0ms)
			AwakeInstancesAfterBackupRestoration (5ms)
Platform modules already initialized, skipping
Refreshing native plugins compatible for Editor in 0.33 ms, found 2 plugins.
Preloading 0 native plugins for Editor in 0.00 ms.
Unloading 1540 Unused Serialized files (Serialized files now loaded: 0)
System memory in use before: 70.5 MB.
System memory in use after: 70.6 MB.

Unloading 14 unused Assets to reduce memory usage. Loaded Objects now: 1982.
Total: 1.513700 ms (FindLiveObjects: 0.138300 ms CreateObjectMapping: 0.046300 ms MarkObjects: 1.315300 ms  DeleteObjects: 0.013000 ms)

AssetImportParameters requested are different than current active one (requested -> active):
  custom:framework-win-MediaFoundation: 216162199b28c13a410421893ffa2e32 -> 
  custom:video-decoder-ogg-theora: a1e56fd34408186e4bbccfd4996cb3dc -> 
  custom:container-muxer-webm: aa71ff27fc2769a1b78a27578f13a17b -> 
  custom:container-demuxer-webm: 4f35f7cbe854078d1ac9338744f61a02 -> 
  custom:container-demuxer-ogg: 62fdf1f143b41e24485cea50d1cbac27 -> 
  custom:video-encoder-webm-vp8: eb34c28f22e8b96e1ab97ce403110664 -> 
  custom:video-decoder-webm-vp8: 9c59270c3fd7afecdb556c50c9e8de78 -> 
  custom:audio-decoder-ogg-vorbis: bf7c407c2cedff20999df2af8eb42d56 -> 
  custom:audio-encoder-webm-vorbis: bf7c407c2cedff20999df2af8eb42d56 -> 
========================================================================
Received Prepare
Registering precompiled user dll's ...
Registered in 0.003079 seconds.
Begin MonoManager ReloadAssembly
Native extension for LinuxStandalone target not found
Native extension for WindowsStandalone target not found
Native extension for OSXStandalone target not found
Refreshing native plugins compatible for Editor in 0.40 ms, found 2 plugins.
Preloading 0 native plugins for Editor in 0.00 ms.
Mono: successfully reloaded assembly
- Completed reload, in  0.659 seconds
Domain Reload Profiling:
	ReloadAssembly (660ms)
		BeginReloadAssembly (82ms)
			ExecutionOrderSort (0ms)
			DisableScriptedObjects (3ms)
			BackupInstance (0ms)
			ReleaseScriptingObjects (0ms)
			CreateAndSetChildDomain (24ms)
		EndReloadAssembly (535ms)
			LoadAssemblies (61ms)
			RebuildTransferFunctionScriptingTraits (0ms)
			SetupTypeCache (174ms)
			ReleaseScriptCaches (1ms)
			RebuildScriptCaches (24ms)
			SetupLoadedEditorAssemblies (211ms)
				LogAssemblyErrors (0ms)
				InitializePlatformSupportModulesInManaged (6ms)
				SetLoadedEditorAssemblies (0ms)
				RefreshPlugins (0ms)
				BeforeProcessingInitializeOnLoad (54ms)
				ProcessInitializeOnLoadAttributes (139ms)
				ProcessInitializeOnLoadMethodAttributes (6ms)
				AfterProcessingInitializeOnLoad (5ms)
				EditorAssembliesLoaded (0ms)
			ExecutionOrderSort2 (0ms)
			AwakeInstancesAfterBackupRestoration (5ms)
Platform modules already initialized, skipping
Refreshing native plugins compatible for Editor in 0.62 ms, found 2 plugins.
Preloading 0 native plugins for Editor in 0.00 ms.
Unloading 1540 Unused Serialized files (Serialized files now loaded: 0)
System memory in use before: 70.5 MB.
System memory in use after: 70.6 MB.

Unloading 14 unused Assets to reduce memory usage. Loaded Objects now: 1984.
Total: 1.670200 ms (FindLiveObjects: 0.132900 ms CreateObjectMapping: 0.035000 ms MarkObjects: 1.486900 ms  DeleteObjects: 0.014300 ms)

AssetImportParameters requested are different than current active one (requested -> active):
  custom:framework-win-MediaFoundation: 216162199b28c13a410421893ffa2e32 -> 
  custom:video-decoder-ogg-theora: a1e56fd34408186e4bbccfd4996cb3dc -> 
  custom:container-muxer-webm: aa71ff27fc2769a1b78a27578f13a17b -> 
  custom:container-demuxer-webm: 4f35f7cbe854078d1ac9338744f61a02 -> 
  custom:container-demuxer-ogg: 62fdf1f143b41e24485cea50d1cbac27 -> 
  custom:video-encoder-webm-vp8: eb34c28f22e8b96e1ab97ce403110664 -> 
  custom:video-decoder-webm-vp8: 9c59270c3fd7afecdb556c50c9e8de78 -> 
  custom:audio-decoder-ogg-vorbis: bf7c407c2cedff20999df2af8eb42d56 -> 
  custom:audio-encoder-webm-vorbis: bf7c407c2cedff20999df2af8eb42d56 -> 
========================================================================
Received Import Request.
  Time since last request: 307.578372 seconds.
  path: Assets/Scenes/Level01.unity
  artifactKey: Guid(c3a1e74302fbaae47b35eb449115be6e) Importer(815301076,1909f56bfc062723c751e8b465ee728b)
Start importing Assets/Scenes/Level01.unity using Guid(c3a1e74302fbaae47b35eb449115be6e) Importer(815301076,1909f56bfc062723c751e8b465ee728b)  -> (artifact id: 'e7687c55a2b0d28df5fe457c69265654') in 0.014418 seconds 
  Import took 0.016812 seconds .

========================================================================
Received Import Request.
  Time since last request: 84.180379 seconds.
  path: Assets/Models
  artifactKey: Guid(60841d65278a166428bda6795a72282d) Importer(815301076,1909f56bfc062723c751e8b465ee728b)
Start importing Assets/Models using Guid(60841d65278a166428bda6795a72282d) Importer(815301076,1909f56bfc062723c751e8b465ee728b)  -> (artifact id: '4b137ce7b91cf9f8fce3c50d28c2a24a') in 0.006585 seconds 
  Import took 0.009177 seconds .

========================================================================
Received Import Request.
  Time since last request: 0.086368 seconds.
  path: Assets/Models/Boy01_Hair_MAT.mat
  artifactKey: Guid(3490316b210f2304eaf7fe3a6b4e484e) Importer(815301076,1909f56bfc062723c751e8b465ee728b)
Start importing Assets/Models/Boy01_Hair_MAT.mat using Guid(3490316b210f2304eaf7fe3a6b4e484e) Importer(815301076,1909f56bfc062723c751e8b465ee728b)  -> (artifact id: '5fb6b41169981a60b23d9033d421b8a4') in 0.075350 seconds 
  Import took 0.077599 seconds .

========================================================================
Received Import Request.
  Time since last request: 0.000143 seconds.
  path: Assets/Models/Boy_Hair_diffuse.png
  artifactKey: Guid(6a82df053d4bc1041ab3e71f9d120a80) Importer(815301076,1909f56bfc062723c751e8b465ee728b)
Start importing Assets/Models/Boy_Hair_diffuse.png using Guid(6a82df053d4bc1041ab3e71f9d120a80) Importer(815301076,1909f56bfc062723c751e8b465ee728b)  -> (artifact id: '9be7260d18c7e52e418b6405d9ed21b0') in 0.050431 seconds 
  Import took 0.052545 seconds .

========================================================================
Received Import Request.
  Time since last request: 0.000129 seconds.
  path: Assets/Models/Flag.fbx
  artifactKey: Guid(8a199a13126e6784496f93cb652d94e3) Importer(815301076,1909f56bfc062723c751e8b465ee728b)
Start importing Assets/Models/Flag.fbx using Guid(8a199a13126e6784496f93cb652d94e3) Importer(815301076,1909f56bfc062723c751e8b465ee728b)  -> (artifact id: 'b62e8b37449b47d93f5eecb56ad9d2d7') in 0.051868 seconds 
  Import took 0.054353 seconds .

========================================================================
Received Import Request.
  Time since last request: 0.000147 seconds.
  path: Assets/Models/Boy_Head_diffuse.png
  artifactKey: Guid(32409159813a5374b94486553c663312) Importer(815301076,1909f56bfc062723c751e8b465ee728b)
Start importing Assets/Models/Boy_Head_diffuse.png using Guid(32409159813a5374b94486553c663312) Importer(815301076,1909f56bfc062723c751e8b465ee728b)  -> (artifact id: '82039451ec847be4736b04a4353848ac') in 0.009072 seconds 
  Import took 0.011286 seconds .

========================================================================
Received Import Request.
  Time since last request: 0.000228 seconds.
  path: Assets/Models/Boy_LowerBody_diffuse.png
  artifactKey: Guid(bb9babbdbfa36304393bc928d2b5b8f3) Importer(815301076,1909f56bfc062723c751e8b465ee728b)
Start importing Assets/Models/Boy_LowerBody_diffuse.png using Guid(bb9babbdbfa36304393bc928d2b5b8f3) Importer(815301076,1909f56bfc062723c751e8b465ee728b)  -> (artifact id: '3045c963c2acc487b48e72b1455ba25e') in 0.009775 seconds 
  Import took 0.011951 seconds .

========================================================================
Received Import Request.
  Time since last request: 0.000136 seconds.
  path: Assets/Models/Boy01_Scarf_MAT.mat
  artifactKey: Guid(9447d7f3e0908ee4299cda1904a7ba82) Importer(815301076,1909f56bfc062723c751e8b465ee728b)
Start importing Assets/Models/Boy01_Scarf_MAT.mat using Guid(9447d7f3e0908ee4299cda1904a7ba82) Importer(815301076,1909f56bfc062723c751e8b465ee728b)  -> (artifact id: 'b1b9d713fcdf041c0ad1d07a9a070efc') in 0.011093 seconds 
  Import took 0.013328 seconds .

========================================================================
Received Import Request.
  Time since last request: 0.000125 seconds.
  path: Assets/Models/Boy01_Hands_MAT.mat
  artifactKey: Guid(7a7149e56de2a2344b48250babca862e) Importer(815301076,1909f56bfc062723c751e8b465ee728b)
Start importing Assets/Models/Boy01_Hands_MAT.mat using Guid(7a7149e56de2a2344b48250babca862e) Importer(815301076,1909f56bfc062723c751e8b465ee728b)  -> (artifact id: '22ebf45596212895554bebb0c4a0fc41') in 0.012170 seconds 
  Import took 0.014226 seconds .

========================================================================
Received Import Request.
  Time since last request: 0.000129 seconds.
  path: Assets/Models/ty.fbx
  artifactKey: Guid(2539cbd09296d0343978922cc61e62cb) Importer(815301076,1909f56bfc062723c751e8b465ee728b)
Start importing Assets/Models/ty.fbx using Guid(2539cbd09296d0343978922cc61e62cb) Importer(815301076,1909f56bfc062723c751e8b465ee728b)  -> (artifact id: 'd8431d5b17cc80d3834f6309dc4cdb37') in 0.054468 seconds 
  Import took 0.057339 seconds .

========================================================================
Received Import Request.
  Time since last request: 0.000143 seconds.
  path: Assets/Models/Boy_Scarf_diffuse.png
  artifactKey: Guid(64ec87e2542ed9248b0269fac1159c3b) Importer(815301076,1909f56bfc062723c751e8b465ee728b)
Start importing Assets/Models/Boy_Scarf_diffuse.png using Guid(64ec87e2542ed9248b0269fac1159c3b) Importer(815301076,1909f56bfc062723c751e8b465ee728b)  -> (artifact id: '190ec7c4800444f668870af006db42f4') in 0.009695 seconds 
  Import took 0.012073 seconds .

========================================================================
Received Import Request.
  Time since last request: 0.000120 seconds.
  path: Assets/Models/Boy_Shoes_diffuse.png
  artifactKey: Guid(a3cfe76d259793942b6fe04a3952e982) Importer(815301076,1909f56bfc062723c751e8b465ee728b)
Start importing Assets/Models/Boy_Shoes_diffuse.png using Guid(a3cfe76d259793942b6fe04a3952e982) Importer(815301076,1909f56bfc062723c751e8b465ee728b)  -> (artifact id: '5d70fefd9885b80bfdd55f846eb59b4a') in 0.009278 seconds 
  Import took 0.011403 seconds .

========================================================================
Received Import Request.
  Time since last request: 0.000128 seconds.
  path: Assets/Models/Boy01_Shoes_MAT.mat
  artifactKey: Guid(81c26bd337deb0648bd3911bc7757c4a) Importer(815301076,1909f56bfc062723c751e8b465ee728b)
Start importing Assets/Models/Boy01_Shoes_MAT.mat using Guid(81c26bd337deb0648bd3911bc7757c4a) Importer(815301076,1909f56bfc062723c751e8b465ee728b)  -> (artifact id: 'cbe6c49b46a689898e47490159d27679') in 0.010742 seconds 
  Import took 0.013197 seconds .

========================================================================
Received Import Request.
  Time since last request: 0.000137 seconds.
  path: Assets/Models/Boy01_Head_MAT.mat
  artifactKey: Guid(d319d0f0a60b64e4ab8573ff4a74bdbb) Importer(815301076,1909f56bfc062723c751e8b465ee728b)
Start importing Assets/Models/Boy01_Head_MAT.mat using Guid(d319d0f0a60b64e4ab8573ff4a74bdbb) Importer(815301076,1909f56bfc062723c751e8b465ee728b)  -> (artifact id: '7c5e1a861cc884da38dd0dd2a43efba4') in 0.010806 seconds 
  Import took 0.012786 seconds .

========================================================================
Received Import Request.
  Time since last request: 0.000126 seconds.
  path: Assets/Models/Boy01_LowerBody_MAT.mat
  artifactKey: Guid(c93a6633735f7a0449210e8e1eeece87) Importer(815301076,1909f56bfc062723c751e8b465ee728b)
Start importing Assets/Models/Boy01_LowerBody_MAT.mat using Guid(c93a6633735f7a0449210e8e1eeece87) Importer(815301076,1909f56bfc062723c751e8b465ee728b)  -> (artifact id: '4a6401f0e9aed80c84c2f1db9181c15d') in 0.012349 seconds 
  Import took 0.014291 seconds .

========================================================================
Received Import Request.
  Time since last request: 0.000130 seconds.
  path: Assets/Models/Boy_UpperBody_diffuse.png
  artifactKey: Guid(3456393fd2166ca49947096a5bcc63ce) Importer(815301076,1909f56bfc062723c751e8b465ee728b)
Start importing Assets/Models/Boy_UpperBody_diffuse.png using Guid(3456393fd2166ca49947096a5bcc63ce) Importer(815301076,1909f56bfc062723c751e8b465ee728b)  -> (artifact id: 'aee3b95e9c4f1b95fbe4d79ef83fc78d') in 0.008494 seconds 
  Import took 0.017826 seconds .

========================================================================
Received Import Request.
  Time since last request: 0.000173 seconds.
  path: Assets/Models/Boy01_UpperBody_MAT.mat
  artifactKey: Guid(6c5c14de8e5b9d641ac66ed897c6328a) Importer(815301076,1909f56bfc062723c751e8b465ee728b)
Start importing Assets/Models/Boy01_UpperBody_MAT.mat using Guid(6c5c14de8e5b9d641ac66ed897c6328a) Importer(815301076,1909f56bfc062723c751e8b465ee728b)  -> (artifact id: '871270dc27408429ae336929233c6146') in 0.011092 seconds 
  Import took 0.013222 seconds .

========================================================================
Received Import Request.
  Time since last request: 0.000148 seconds.
  path: Assets/Models/Boy_Hands_diffuse.png
  artifactKey: Guid(daf8ebb17c2a7eb46a689cc34352f14f) Importer(815301076,1909f56bfc062723c751e8b465ee728b)
Start importing Assets/Models/Boy_Hands_diffuse.png using Guid(daf8ebb17c2a7eb46a689cc34352f14f) Importer(815301076,1909f56bfc062723c751e8b465ee728b)  -> (artifact id: 'f23e786f14ae83656e3d2da30b1a1f12') in 0.009029 seconds 
  Import took 0.011569 seconds .

========================================================================
Received Import Request.
  Time since last request: 19.110556 seconds.
  path: Assets/Animations
  artifactKey: Guid(a394d5a8f7902234dbf722a8a9bec8d2) Importer(815301076,1909f56bfc062723c751e8b465ee728b)
Start importing Assets/Animations using Guid(a394d5a8f7902234dbf722a8a9bec8d2) Importer(815301076,1909f56bfc062723c751e8b465ee728b)  -> (artifact id: '31547b858a8b51bd433c960af6c7f388') in 0.006208 seconds 
  Import took 0.009274 seconds .

========================================================================
Received Import Request.
  Time since last request: 0.000419 seconds.
  path: Assets/Animations
  artifactKey: Guid(a394d5a8f7902234dbf722a8a9bec8d2) Importer(815301076,1909f56bfc062723c751e8b465ee728b)
Start importing Assets/Animations using Guid(a394d5a8f7902234dbf722a8a9bec8d2) Importer(815301076,1909f56bfc062723c751e8b465ee728b)  -> (artifact id: '31547b858a8b51bd433c960af6c7f388') in 0.001707 seconds 
  Import took 0.003518 seconds .

========================================================================
Received Import Request.
  Time since last request: 0.129228 seconds.
  path: Assets/Animations/ty@Falling Flat Impact.fbx
  artifactKey: Guid(eedfc3ecffa51604ca6404b8bd3eedfd) Importer(815301076,1909f56bfc062723c751e8b465ee728b)
Start importing Assets/Animations/ty@Falling Flat Impact.fbx using Guid(eedfc3ecffa51604ca6404b8bd3eedfd) Importer(815301076,1909f56bfc062723c751e8b465ee728b)  -> (artifact id: 'f8770f82820734d0d2d5d87cf2121b7c') in 0.009563 seconds 
  Import took 0.012051 seconds .

========================================================================
Received Import Request.
  Time since last request: 0.000137 seconds.
  path: Assets/Animations/ty@Jump.fbx
  artifactKey: Guid(32ee834b2ac086543a026d3f6d7096ff) Importer(815301076,1909f56bfc062723c751e8b465ee728b)
Start importing Assets/Animations/ty@Jump.fbx using Guid(32ee834b2ac086543a026d3f6d7096ff) Importer(815301076,1909f56bfc062723c751e8b465ee728b)  -> (artifact id: '4c125fc95959f7d7935f4806ba99a895') in 0.008478 seconds 
  Import took 0.010940 seconds .

========================================================================
Received Import Request.
  Time since last request: 0.000130 seconds.
  path: Assets/Animations/ty@Running.fbx
  artifactKey: Guid(f737b8b408736fd408653e454ed740ce) Importer(815301076,1909f56bfc062723c751e8b465ee728b)
Start importing Assets/Animations/ty@Running.fbx using Guid(f737b8b408736fd408653e454ed740ce) Importer(815301076,1909f56bfc062723c751e8b465ee728b)  -> (artifact id: 'c02f96aa78d94e5f66bff809262486e2') in 0.008642 seconds 
  Import took 0.011198 seconds .

========================================================================
Received Import Request.
  Time since last request: 0.000132 seconds.
  path: Assets/Animations/ty@Falling.fbx
  artifactKey: Guid(25f23afc4e33edc439921d83778694d1) Importer(815301076,1909f56bfc062723c751e8b465ee728b)
Start importing Assets/Animations/ty@Falling.fbx using Guid(25f23afc4e33edc439921d83778694d1) Importer(815301076,1909f56bfc062723c751e8b465ee728b)  -> (artifact id: 'eda5ca88a8339d92e38732bcd02131f4') in 0.009176 seconds 
  Import took 0.011379 seconds .

========================================================================
Received Import Request.
  Time since last request: 0.000126 seconds.
  path: Assets/Animations/ty@Getting Up.fbx
  artifactKey: Guid(005660c53b3799949a526815e92b6d21) Importer(815301076,1909f56bfc062723c751e8b465ee728b)
Start importing Assets/Animations/ty@Getting Up.fbx using Guid(005660c53b3799949a526815e92b6d21) Importer(815301076,1909f56bfc062723c751e8b465ee728b)  -> (artifact id: '6c3916350a351c0046ac919b64536de9') in 0.009808 seconds 
  Import took 0.012341 seconds .

========================================================================
Received Import Request.
  Time since last request: 0.000144 seconds.
  path: Assets/Animations/ty@Happy Idle.fbx
  artifactKey: Guid(3118a72b008e7804ebb158e6eebf32dc) Importer(815301076,1909f56bfc062723c751e8b465ee728b)
Start importing Assets/Animations/ty@Happy Idle.fbx using Guid(3118a72b008e7804ebb158e6eebf32dc) Importer(815301076,1909f56bfc062723c751e8b465ee728b)  -> (artifact id: 'b288032bd4c705118e187d83c1606a4e') in 0.008853 seconds 
  Import took 0.011060 seconds .

========================================================================
Received Import Request.
  Time since last request: 0.002811 seconds.
  path: Assets/Animations/ty@Happy Idle.fbx
  artifactKey: Guid(3118a72b008e7804ebb158e6eebf32dc) Importer(815301076,1909f56bfc062723c751e8b465ee728b)
Start importing Assets/Animations/ty@Happy Idle.fbx using Guid(3118a72b008e7804ebb158e6eebf32dc) Importer(815301076,1909f56bfc062723c751e8b465ee728b)  -> (artifact id: 'b288032bd4c705118e187d83c1606a4e') in 0.005241 seconds 
  Import took 0.007678 seconds .

========================================================================
Received Import Request.
  Time since last request: 1.024057 seconds.
  path: Assets/Animations/Intro02.anim
  artifactKey: Guid(9df998aacf0a30146bca84b22b0da132) Importer(815301076,1909f56bfc062723c751e8b465ee728b)
Start importing Assets/Animations/Intro02.anim using Guid(9df998aacf0a30146bca84b22b0da132) Importer(815301076,1909f56bfc062723c751e8b465ee728b)  -> (artifact id: '7dfa9c2bb874cc43ab95d73ea8d3df72') in 0.007399 seconds 
  Import took 0.010193 seconds .

========================================================================
Received Import Request.
  Time since last request: 0.003388 seconds.
  path: Assets/Animations/Intro02.anim
  artifactKey: Guid(9df998aacf0a30146bca84b22b0da132) Importer(815301076,1909f56bfc062723c751e8b465ee728b)
Start importing Assets/Animations/Intro02.anim using Guid(9df998aacf0a30146bca84b22b0da132) Importer(815301076,1909f56bfc062723c751e8b465ee728b)  -> (artifact id: '7dfa9c2bb874cc43ab95d73ea8d3df72') in 0.002276 seconds 
  Import took 0.004372 seconds .

========================================================================
Received Import Request.
  Time since last request: 0.454786 seconds.
  path: Assets/Animations/Intro03.anim
  artifactKey: Guid(4b0d253e7b4223d429888f43fb85f974) Importer(815301076,1909f56bfc062723c751e8b465ee728b)
Start importing Assets/Animations/Intro03.anim using Guid(4b0d253e7b4223d429888f43fb85f974) Importer(815301076,1909f56bfc062723c751e8b465ee728b)  -> (artifact id: 'bcb043434d7f92eb7383fc1f11862600') in 0.005430 seconds 
  Import took 0.007838 seconds .

========================================================================
Received Prepare
Registering precompiled user dll's ...
Registered in 0.003290 seconds.
Begin MonoManager ReloadAssembly
Native extension for LinuxStandalone target not found
Native extension for WindowsStandalone target not found
Native extension for OSXStandalone target not found
Refreshing native plugins compatible for Editor in 0.39 ms, found 2 plugins.
Preloading 0 native plugins for Editor in 0.00 ms.
Mono: successfully reloaded assembly
- Completed reload, in  0.683 seconds
Domain Reload Profiling:
	ReloadAssembly (683ms)
		BeginReloadAssembly (96ms)
			ExecutionOrderSort (0ms)
			DisableScriptedObjects (3ms)
			BackupInstance (0ms)
			ReleaseScriptingObjects (0ms)
			CreateAndSetChildDomain (28ms)
		EndReloadAssembly (544ms)
			LoadAssemblies (60ms)
			RebuildTransferFunctionScriptingTraits (0ms)
			SetupTypeCache (190ms)
			ReleaseScriptCaches (1ms)
			RebuildScriptCaches (24ms)
			SetupLoadedEditorAssemblies (206ms)
				LogAssemblyErrors (0ms)
				InitializePlatformSupportModulesInManaged (6ms)
				SetLoadedEditorAssemblies (0ms)
				RefreshPlugins (0ms)
				BeforeProcessingInitializeOnLoad (51ms)
				ProcessInitializeOnLoadAttributes (137ms)
				ProcessInitializeOnLoadMethodAttributes (6ms)
				AfterProcessingInitializeOnLoad (5ms)
				EditorAssembliesLoaded (0ms)
			ExecutionOrderSort2 (0ms)
			AwakeInstancesAfterBackupRestoration (5ms)
Platform modules already initialized, skipping
Refreshing native plugins compatible for Editor in 0.39 ms, found 2 plugins.
Preloading 0 native plugins for Editor in 0.00 ms.
Unloading 1540 Unused Serialized files (Serialized files now loaded: 0)
System memory in use before: 87.7 MB.
System memory in use after: 87.8 MB.

Unloading 15 unused Assets to reduce memory usage. Loaded Objects now: 2031.
Total: 1.770500 ms (FindLiveObjects: 0.134500 ms CreateObjectMapping: 0.034900 ms MarkObjects: 1.578900 ms  DeleteObjects: 0.021500 ms)

AssetImportParameters requested are different than current active one (requested -> active):
  custom:framework-win-MediaFoundation: 216162199b28c13a410421893ffa2e32 -> 
  custom:video-decoder-ogg-theora: a1e56fd34408186e4bbccfd4996cb3dc -> 
  custom:container-muxer-webm: aa71ff27fc2769a1b78a27578f13a17b -> 
  custom:container-demuxer-webm: 4f35f7cbe854078d1ac9338744f61a02 -> 
  custom:container-demuxer-ogg: 62fdf1f143b41e24485cea50d1cbac27 -> 
  custom:video-encoder-webm-vp8: eb34c28f22e8b96e1ab97ce403110664 -> 
  custom:video-decoder-webm-vp8: 9c59270c3fd7afecdb556c50c9e8de78 -> 
  custom:audio-decoder-ogg-vorbis: bf7c407c2cedff20999df2af8eb42d56 -> 
  custom:audio-encoder-webm-vorbis: bf7c407c2cedff20999df2af8eb42d56 -> 
========================================================================
Received Import Request.
  Time since last request: 65.970434 seconds.
  path: Assets/Animations/ty@Getting Up.fbx
  artifactKey: Guid(005660c53b3799949a526815e92b6d21) Importer(815301076,1909f56bfc062723c751e8b465ee728b)
Start importing Assets/Animations/ty@Getting Up.fbx using Guid(005660c53b3799949a526815e92b6d21) Importer(815301076,1909f56bfc062723c751e8b465ee728b)  -> (artifact id: '4ea2d332ca70a89fc809c765eca316e2') in 0.023782 seconds 
  Import took 0.026340 seconds .

========================================================================
Received Prepare
Registering precompiled user dll's ...
Registered in 0.003538 seconds.
Begin MonoManager ReloadAssembly
Native extension for LinuxStandalone target not found
Native extension for WindowsStandalone target not found
Native extension for OSXStandalone target not found
Refreshing native plugins compatible for Editor in 0.40 ms, found 2 plugins.
Preloading 0 native plugins for Editor in 0.00 ms.
Mono: successfully reloaded assembly
- Completed reload, in  0.689 seconds
Domain Reload Profiling:
	ReloadAssembly (690ms)
		BeginReloadAssembly (92ms)
			ExecutionOrderSort (0ms)
			DisableScriptedObjects (3ms)
			BackupInstance (0ms)
			ReleaseScriptingObjects (0ms)
			CreateAndSetChildDomain (25ms)
		EndReloadAssembly (553ms)
			LoadAssemblies (63ms)
			RebuildTransferFunctionScriptingTraits (0ms)
			SetupTypeCache (191ms)
			ReleaseScriptCaches (1ms)
			RebuildScriptCaches (24ms)
			SetupLoadedEditorAssemblies (210ms)
				LogAssemblyErrors (0ms)
				InitializePlatformSupportModulesInManaged (6ms)
				SetLoadedEditorAssemblies (0ms)
				RefreshPlugins (0ms)
				BeforeProcessingInitializeOnLoad (54ms)
				ProcessInitializeOnLoadAttributes (140ms)
				ProcessInitializeOnLoadMethodAttributes (6ms)
				AfterProcessingInitializeOnLoad (5ms)
				EditorAssembliesLoaded (0ms)
			ExecutionOrderSort2 (0ms)
			AwakeInstancesAfterBackupRestoration (5ms)
Platform modules already initialized, skipping
Refreshing native plugins compatible for Editor in 0.49 ms, found 2 plugins.
Preloading 0 native plugins for Editor in 0.00 ms.
Unloading 1540 Unused Serialized files (Serialized files now loaded: 0)
System memory in use before: 87.7 MB.
System memory in use after: 87.8 MB.

Unloading 14 unused Assets to reduce memory usage. Loaded Objects now: 2033.
Total: 1.967500 ms (FindLiveObjects: 0.170700 ms CreateObjectMapping: 0.060900 ms MarkObjects: 1.718200 ms  DeleteObjects: 0.016600 ms)

AssetImportParameters requested are different than current active one (requested -> active):
  custom:framework-win-MediaFoundation: 216162199b28c13a410421893ffa2e32 -> 
  custom:video-decoder-ogg-theora: a1e56fd34408186e4bbccfd4996cb3dc -> 
  custom:container-muxer-webm: aa71ff27fc2769a1b78a27578f13a17b -> 
  custom:container-demuxer-webm: 4f35f7cbe854078d1ac9338744f61a02 -> 
  custom:container-demuxer-ogg: 62fdf1f143b41e24485cea50d1cbac27 -> 
  custom:video-encoder-webm-vp8: eb34c28f22e8b96e1ab97ce403110664 -> 
  custom:video-decoder-webm-vp8: 9c59270c3fd7afecdb556c50c9e8de78 -> 
  custom:audio-decoder-ogg-vorbis: bf7c407c2cedff20999df2af8eb42d56 -> 
  custom:audio-encoder-webm-vorbis: bf7c407c2cedff20999df2af8eb42d56 -> 
========================================================================
Received Import Request.
  Time since last request: 162.929037 seconds.
  path: Assets/Prefabs
  artifactKey: Guid(475c6fc454c4cde4ca791d140f29a407) Importer(815301076,1909f56bfc062723c751e8b465ee728b)
Start importing Assets/Prefabs using Guid(475c6fc454c4cde4ca791d140f29a407) Importer(815301076,1909f56bfc062723c751e8b465ee728b)  -> (artifact id: '7faabfda23a63b1e7a966862f46e456b') in 0.008291 seconds 
  Import took 0.010717 seconds .

========================================================================
Received Import Request.
  Time since last request: 1.069377 seconds.
  path: Assets/Fonts
  artifactKey: Guid(91db0014ac4815c4e87ec1f37f61e178) Importer(815301076,1909f56bfc062723c751e8b465ee728b)
Start importing Assets/Fonts using Guid(91db0014ac4815c4e87ec1f37f61e178) Importer(815301076,1909f56bfc062723c751e8b465ee728b)  -> (artifact id: '619af24afb6e95adb42e6c2632d2bfc5') in 0.005089 seconds 
  Import took 0.007545 seconds .

========================================================================
Received Import Request.
  Time since last request: 3.337929 seconds.
  path: Assets/Scripts/PlayerController.cs
  artifactKey: Guid(e2f4df29389cd1a48b848d2836a314b1) Importer(815301076,1909f56bfc062723c751e8b465ee728b)
Start importing Assets/Scripts/PlayerController.cs using Guid(e2f4df29389cd1a48b848d2836a314b1) Importer(815301076,1909f56bfc062723c751e8b465ee728b)  -> (artifact id: '2b6ef80dea1ddb6ae0f00c9092f380d5') in 0.005050 seconds 
  Import took 0.007544 seconds .

========================================================================
Received Prepare
Registering precompiled user dll's ...
Registered in 0.003170 seconds.
Begin MonoManager ReloadAssembly
Native extension for LinuxStandalone target not found
Native extension for WindowsStandalone target not found
Native extension for OSXStandalone target not found
Refreshing native plugins compatible for Editor in 0.39 ms, found 2 plugins.
Preloading 0 native plugins for Editor in 0.00 ms.
Mono: successfully reloaded assembly
- Completed reload, in  0.663 seconds
Domain Reload Profiling:
	ReloadAssembly (663ms)
		BeginReloadAssembly (88ms)
			ExecutionOrderSort (0ms)
			DisableScriptedObjects (3ms)
			BackupInstance (0ms)
			ReleaseScriptingObjects (0ms)
			CreateAndSetChildDomain (24ms)
		EndReloadAssembly (531ms)
			LoadAssemblies (65ms)
			RebuildTransferFunctionScriptingTraits (0ms)
			SetupTypeCache (181ms)
			ReleaseScriptCaches (1ms)
			RebuildScriptCaches (25ms)
			SetupLoadedEditorAssemblies (203ms)
				LogAssemblyErrors (0ms)
				InitializePlatformSupportModulesInManaged (5ms)
				SetLoadedEditorAssemblies (0ms)
				RefreshPlugins (0ms)
				BeforeProcessingInitializeOnLoad (52ms)
				ProcessInitializeOnLoadAttributes (134ms)
				ProcessInitializeOnLoadMethodAttributes (6ms)
				AfterProcessingInitializeOnLoad (4ms)
				EditorAssembliesLoaded (0ms)
			ExecutionOrderSort2 (0ms)
			AwakeInstancesAfterBackupRestoration (5ms)
Platform modules already initialized, skipping
Refreshing native plugins compatible for Editor in 0.53 ms, found 2 plugins.
Preloading 0 native plugins for Editor in 0.00 ms.
Unloading 1540 Unused Serialized files (Serialized files now loaded: 0)
System memory in use before: 87.7 MB.
System memory in use after: 87.8 MB.

Unloading 14 unused Assets to reduce memory usage. Loaded Objects now: 2035.
Total: 1.858300 ms (FindLiveObjects: 0.152300 ms CreateObjectMapping: 0.030400 ms MarkObjects: 1.656000 ms  DeleteObjects: 0.018700 ms)

AssetImportParameters requested are different than current active one (requested -> active):
  custom:framework-win-MediaFoundation: 216162199b28c13a410421893ffa2e32 -> 
  custom:video-decoder-ogg-theora: a1e56fd34408186e4bbccfd4996cb3dc -> 
  custom:container-muxer-webm: aa71ff27fc2769a1b78a27578f13a17b -> 
  custom:container-demuxer-webm: 4f35f7cbe854078d1ac9338744f61a02 -> 
  custom:container-demuxer-ogg: 62fdf1f143b41e24485cea50d1cbac27 -> 
  custom:video-encoder-webm-vp8: eb34c28f22e8b96e1ab97ce403110664 -> 
  custom:video-decoder-webm-vp8: 9c59270c3fd7afecdb556c50c9e8de78 -> 
  custom:audio-decoder-ogg-vorbis: bf7c407c2cedff20999df2af8eb42d56 -> 
  custom:audio-encoder-webm-vorbis: bf7c407c2cedff20999df2af8eb42d56 -> 
========================================================================
Received Import Request.
  Time since last request: 177.355131 seconds.
  path: Assets/Scenes/MainMenu.unity
  artifactKey: Guid(ba14962dc5c26874590ee66559bea388) Importer(815301076,1909f56bfc062723c751e8b465ee728b)
Start importing Assets/Scenes/MainMenu.unity using Guid(ba14962dc5c26874590ee66559bea388) Importer(815301076,1909f56bfc062723c751e8b465ee728b)  -> (artifact id: '8d88f1b535a4df9bd41836f01d25fd09') in 0.013646 seconds 
  Import took 0.016006 seconds .

========================================================================
Received Prepare
Registering precompiled user dll's ...
Registered in 0.002967 seconds.
Begin MonoManager ReloadAssembly
Native extension for LinuxStandalone target not found
Native extension for WindowsStandalone target not found
Native extension for OSXStandalone target not found
Refreshing native plugins compatible for Editor in 0.38 ms, found 2 plugins.
Preloading 0 native plugins for Editor in 0.00 ms.
Mono: successfully reloaded assembly
- Completed reload, in  0.643 seconds
Domain Reload Profiling:
	ReloadAssembly (643ms)
		BeginReloadAssembly (75ms)
			ExecutionOrderSort (0ms)
			DisableScriptedObjects (3ms)
			BackupInstance (0ms)
			ReleaseScriptingObjects (0ms)
			CreateAndSetChildDomain (23ms)
		EndReloadAssembly (525ms)
			LoadAssemblies (59ms)
			RebuildTransferFunctionScriptingTraits (0ms)
			SetupTypeCache (178ms)
			ReleaseScriptCaches (1ms)
			RebuildScriptCaches (24ms)
			SetupLoadedEditorAssemblies (203ms)
				LogAssemblyErrors (0ms)
				InitializePlatformSupportModulesInManaged (5ms)
				SetLoadedEditorAssemblies (0ms)
				RefreshPlugins (0ms)
				BeforeProcessingInitializeOnLoad (51ms)
				ProcessInitializeOnLoadAttributes (135ms)
				ProcessInitializeOnLoadMethodAttributes (6ms)
				AfterProcessingInitializeOnLoad (5ms)
				EditorAssembliesLoaded (0ms)
			ExecutionOrderSort2 (0ms)
			AwakeInstancesAfterBackupRestoration (5ms)
Platform modules already initialized, skipping
Refreshing native plugins compatible for Editor in 0.39 ms, found 2 plugins.
Preloading 0 native plugins for Editor in 0.00 ms.
Unloading 1540 Unused Serialized files (Serialized files now loaded: 0)
System memory in use before: 87.7 MB.
System memory in use after: 87.8 MB.

Unloading 14 unused Assets to reduce memory usage. Loaded Objects now: 2037.
Total: 1.635700 ms (FindLiveObjects: 0.160600 ms CreateObjectMapping: 0.030200 ms MarkObjects: 1.428800 ms  DeleteObjects: 0.015500 ms)

AssetImportParameters requested are different than current active one (requested -> active):
  custom:framework-win-MediaFoundation: 216162199b28c13a410421893ffa2e32 -> 
  custom:video-decoder-ogg-theora: a1e56fd34408186e4bbccfd4996cb3dc -> 
  custom:container-muxer-webm: aa71ff27fc2769a1b78a27578f13a17b -> 
  custom:container-demuxer-webm: 4f35f7cbe854078d1ac9338744f61a02 -> 
  custom:container-demuxer-ogg: 62fdf1f143b41e24485cea50d1cbac27 -> 
  custom:video-encoder-webm-vp8: eb34c28f22e8b96e1ab97ce403110664 -> 
  custom:video-decoder-webm-vp8: 9c59270c3fd7afecdb556c50c9e8de78 -> 
  custom:audio-decoder-ogg-vorbis: bf7c407c2cedff20999df2af8eb42d56 -> 
  custom:audio-encoder-webm-vorbis: bf7c407c2cedff20999df2af8eb42d56 -> 
========================================================================
Received Prepare
Registering precompiled user dll's ...
Registered in 0.002979 seconds.
Begin MonoManager ReloadAssembly
Native extension for LinuxStandalone target not found
Native extension for WindowsStandalone target not found
Native extension for OSXStandalone target not found
Refreshing native plugins compatible for Editor in 0.40 ms, found 2 plugins.
Preloading 0 native plugins for Editor in 0.00 ms.
Mono: successfully reloaded assembly
- Completed reload, in  0.691 seconds
Domain Reload Profiling:
	ReloadAssembly (691ms)
		BeginReloadAssembly (85ms)
			ExecutionOrderSort (0ms)
			DisableScriptedObjects (3ms)
			BackupInstance (0ms)
			ReleaseScriptingObjects (0ms)
			CreateAndSetChildDomain (25ms)
		EndReloadAssembly (559ms)
			LoadAssemblies (61ms)
			RebuildTransferFunctionScriptingTraits (0ms)
			SetupTypeCache (182ms)
			ReleaseScriptCaches (1ms)
			RebuildScriptCaches (23ms)
			SetupLoadedEditorAssemblies (231ms)
				LogAssemblyErrors (0ms)
				InitializePlatformSupportModulesInManaged (5ms)
				SetLoadedEditorAssemblies (0ms)
				RefreshPlugins (0ms)
				BeforeProcessingInitializeOnLoad (60ms)
				ProcessInitializeOnLoadAttributes (152ms)
				ProcessInitializeOnLoadMethodAttributes (6ms)
				AfterProcessingInitializeOnLoad (5ms)
				EditorAssembliesLoaded (0ms)
			ExecutionOrderSort2 (0ms)
			AwakeInstancesAfterBackupRestoration (5ms)
Platform modules already initialized, skipping
Refreshing native plugins compatible for Editor in 0.35 ms, found 2 plugins.
Preloading 0 native plugins for Editor in 0.00 ms.
Unloading 1540 Unused Serialized files (Serialized files now loaded: 0)
System memory in use before: 87.7 MB.
System memory in use after: 87.8 MB.

Unloading 14 unused Assets to reduce memory usage. Loaded Objects now: 2039.
Total: 1.651900 ms (FindLiveObjects: 0.155600 ms CreateObjectMapping: 0.035600 ms MarkObjects: 1.445500 ms  DeleteObjects: 0.014200 ms)

AssetImportParameters requested are different than current active one (requested -> active):
  custom:framework-win-MediaFoundation: 216162199b28c13a410421893ffa2e32 -> 
  custom:video-decoder-ogg-theora: a1e56fd34408186e4bbccfd4996cb3dc -> 
  custom:container-muxer-webm: aa71ff27fc2769a1b78a27578f13a17b -> 
  custom:container-demuxer-webm: 4f35f7cbe854078d1ac9338744f61a02 -> 
  custom:container-demuxer-ogg: 62fdf1f143b41e24485cea50d1cbac27 -> 
  custom:video-encoder-webm-vp8: eb34c28f22e8b96e1ab97ce403110664 -> 
  custom:video-decoder-webm-vp8: 9c59270c3fd7afecdb556c50c9e8de78 -> 
  custom:audio-decoder-ogg-vorbis: bf7c407c2cedff20999df2af8eb42d56 -> 
  custom:audio-encoder-webm-vorbis: bf7c407c2cedff20999df2af8eb42d56 -> 
========================================================================
Received Prepare
Registering precompiled user dll's ...
Registered in 0.003105 seconds.
Begin MonoManager ReloadAssembly
Native extension for LinuxStandalone target not found
Native extension for WindowsStandalone target not found
Native extension for OSXStandalone target not found
Refreshing native plugins compatible for Editor in 0.40 ms, found 2 plugins.
Preloading 0 native plugins for Editor in 0.00 ms.
Mono: successfully reloaded assembly
- Completed reload, in  0.704 seconds
Domain Reload Profiling:
	ReloadAssembly (705ms)
		BeginReloadAssembly (84ms)
			ExecutionOrderSort (0ms)
			DisableScriptedObjects (3ms)
			BackupInstance (0ms)
			ReleaseScriptingObjects (0ms)
			CreateAndSetChildDomain (31ms)
		EndReloadAssembly (573ms)
			LoadAssemblies (65ms)
			RebuildTransferFunctionScriptingTraits (0ms)
			SetupTypeCache (198ms)
			ReleaseScriptCaches (1ms)
			RebuildScriptCaches (26ms)
			SetupLoadedEditorAssemblies (215ms)
				LogAssemblyErrors (0ms)
				InitializePlatformSupportModulesInManaged (6ms)
				SetLoadedEditorAssemblies (0ms)
				RefreshPlugins (0ms)
				BeforeProcessingInitializeOnLoad (55ms)
				ProcessInitializeOnLoadAttributes (143ms)
				ProcessInitializeOnLoadMethodAttributes (6ms)
				AfterProcessingInitializeOnLoad (5ms)
				EditorAssembliesLoaded (0ms)
			ExecutionOrderSort2 (0ms)
			AwakeInstancesAfterBackupRestoration (5ms)
Platform modules already initialized, skipping
Refreshing native plugins compatible for Editor in 0.35 ms, found 2 plugins.
Preloading 0 native plugins for Editor in 0.00 ms.
Unloading 1540 Unused Serialized files (Serialized files now loaded: 0)
System memory in use before: 87.7 MB.
System memory in use after: 87.9 MB.

Unloading 14 unused Assets to reduce memory usage. Loaded Objects now: 2041.
Total: 1.767200 ms (FindLiveObjects: 0.135200 ms CreateObjectMapping: 0.039900 ms MarkObjects: 1.575600 ms  DeleteObjects: 0.015500 ms)

AssetImportParameters requested are different than current active one (requested -> active):
  custom:framework-win-MediaFoundation: 216162199b28c13a410421893ffa2e32 -> 
  custom:video-decoder-ogg-theora: a1e56fd34408186e4bbccfd4996cb3dc -> 
  custom:container-muxer-webm: aa71ff27fc2769a1b78a27578f13a17b -> 
  custom:container-demuxer-webm: 4f35f7cbe854078d1ac9338744f61a02 -> 
  custom:container-demuxer-ogg: 62fdf1f143b41e24485cea50d1cbac27 -> 
  custom:video-encoder-webm-vp8: eb34c28f22e8b96e1ab97ce403110664 -> 
  custom:video-decoder-webm-vp8: 9c59270c3fd7afecdb556c50c9e8de78 -> 
  custom:audio-decoder-ogg-vorbis: bf7c407c2cedff20999df2af8eb42d56 -> 
  custom:audio-encoder-webm-vorbis: bf7c407c2cedff20999df2af8eb42d56 -> 
========================================================================
Received Prepare
Registering precompiled user dll's ...
Registered in 0.004116 seconds.
Begin MonoManager ReloadAssembly
Native extension for LinuxStandalone target not found
Native extension for WindowsStandalone target not found
Native extension for OSXStandalone target not found
Refreshing native plugins compatible for Editor in 0.71 ms, found 2 plugins.
Preloading 0 native plugins for Editor in 0.00 ms.
Mono: successfully reloaded assembly
- Completed reload, in  0.923 seconds
Domain Reload Profiling:
	ReloadAssembly (923ms)
		BeginReloadAssembly (123ms)
			ExecutionOrderSort (0ms)
			DisableScriptedObjects (4ms)
			BackupInstance (0ms)
			ReleaseScriptingObjects (0ms)
			CreateAndSetChildDomain (44ms)
		EndReloadAssembly (738ms)
			LoadAssemblies (88ms)
			RebuildTransferFunctionScriptingTraits (0ms)
			SetupTypeCache (255ms)
			ReleaseScriptCaches (1ms)
			RebuildScriptCaches (34ms)
			SetupLoadedEditorAssemblies (282ms)
				LogAssemblyErrors (0ms)
				InitializePlatformSupportModulesInManaged (7ms)
				SetLoadedEditorAssemblies (0ms)
				RefreshPlugins (1ms)
				BeforeProcessingInitializeOnLoad (73ms)
				ProcessInitializeOnLoadAttributes (187ms)
				ProcessInitializeOnLoadMethodAttributes (8ms)
				AfterProcessingInitializeOnLoad (5ms)
				EditorAssembliesLoaded (0ms)
			ExecutionOrderSort2 (0ms)
			AwakeInstancesAfterBackupRestoration (7ms)
Platform modules already initialized, skipping
Refreshing native plugins compatible for Editor in 0.79 ms, found 2 plugins.
Preloading 0 native plugins for Editor in 0.00 ms.
Unloading 1540 Unused Serialized files (Serialized files now loaded: 0)
System memory in use before: 87.7 MB.
System memory in use after: 87.9 MB.

Unloading 14 unused Assets to reduce memory usage. Loaded Objects now: 2043.
Total: 2.891300 ms (FindLiveObjects: 0.467100 ms CreateObjectMapping: 0.099300 ms MarkObjects: 2.296000 ms  DeleteObjects: 0.027200 ms)

AssetImportParameters requested are different than current active one (requested -> active):
  custom:framework-win-MediaFoundation: 216162199b28c13a410421893ffa2e32 -> 
  custom:video-decoder-ogg-theora: a1e56fd34408186e4bbccfd4996cb3dc -> 
  custom:container-muxer-webm: aa71ff27fc2769a1b78a27578f13a17b -> 
  custom:container-demuxer-webm: 4f35f7cbe854078d1ac9338744f61a02 -> 
  custom:container-demuxer-ogg: 62fdf1f143b41e24485cea50d1cbac27 -> 
  custom:video-encoder-webm-vp8: eb34c28f22e8b96e1ab97ce403110664 -> 
  custom:video-decoder-webm-vp8: 9c59270c3fd7afecdb556c50c9e8de78 -> 
  custom:audio-decoder-ogg-vorbis: bf7c407c2cedff20999df2af8eb42d56 -> 
  custom:audio-encoder-webm-vorbis: bf7c407c2cedff20999df2af8eb42d56 -> 
========================================================================
Received Import Request.
  Time since last request: 423.890306 seconds.
  path: Assets/Animators/ty.controller
  artifactKey: Guid(fb8dd4b4b628a5441b1732cafd307266) Importer(815301076,1909f56bfc062723c751e8b465ee728b)
Start importing Assets/Animators/ty.controller using Guid(fb8dd4b4b628a5441b1732cafd307266) Importer(815301076,1909f56bfc062723c751e8b465ee728b)  -> (artifact id: 'c4a3648b58ad33ed36501b466971bb91') in 0.017119 seconds 
  Import took 0.019790 seconds .

========================================================================
Received Import Request.
  Time since last request: 65.583398 seconds.
  path: Assets/Scenes/Level02.unity
  artifactKey: Guid(bda0680977004ef4d96eb573a862d89a) Importer(815301076,1909f56bfc062723c751e8b465ee728b)
Start importing Assets/Scenes/Level02.unity using Guid(bda0680977004ef4d96eb573a862d89a) Importer(815301076,1909f56bfc062723c751e8b465ee728b)  -> (artifact id: '51d85263ff8cdcd6c772164d97c4071e') in 0.006027 seconds 
  Import took 0.008446 seconds .

========================================================================
Received Import Request.
  Time since last request: 0.000638 seconds.
  path: Assets/Scenes/Level02.unity
  artifactKey: Guid(bda0680977004ef4d96eb573a862d89a) Importer(815301076,1909f56bfc062723c751e8b465ee728b)
Start importing Assets/Scenes/Level02.unity using Guid(bda0680977004ef4d96eb573a862d89a) Importer(815301076,1909f56bfc062723c751e8b465ee728b)  -> (artifact id: '51d85263ff8cdcd6c772164d97c4071e') in 0.002149 seconds 
  Import took 0.004029 seconds .

========================================================================
Received Import Request.
  Time since last request: 10.401113 seconds.
  path: Assets/Animators/CutsceneCamera 1.controller
  artifactKey: Guid(fe93bf9ba90acc4469f76c2244927b75) Importer(815301076,1909f56bfc062723c751e8b465ee728b)
Start importing Assets/Animators/CutsceneCamera 1.controller using Guid(fe93bf9ba90acc4469f76c2244927b75) Importer(815301076,1909f56bfc062723c751e8b465ee728b)  -> (artifact id: '843a61f4169a18db2a274426a1cb49ff') in 0.007182 seconds 
  Import took 0.010160 seconds .

========================================================================
Received Prepare
Registering precompiled user dll's ...
Registered in 0.002915 seconds.
Begin MonoManager ReloadAssembly
Native extension for LinuxStandalone target not found
Native extension for WindowsStandalone target not found
Native extension for OSXStandalone target not found
Refreshing native plugins compatible for Editor in 0.38 ms, found 2 plugins.
Preloading 0 native plugins for Editor in 0.00 ms.
Mono: successfully reloaded assembly
- Completed reload, in  0.682 seconds
Domain Reload Profiling:
	ReloadAssembly (682ms)
		BeginReloadAssembly (84ms)
			ExecutionOrderSort (0ms)
			DisableScriptedObjects (3ms)
			BackupInstance (0ms)
			ReleaseScriptingObjects (0ms)
			CreateAndSetChildDomain (23ms)
		EndReloadAssembly (553ms)
			LoadAssemblies (63ms)
			RebuildTransferFunctionScriptingTraits (0ms)
			SetupTypeCache (197ms)
			ReleaseScriptCaches (1ms)
			RebuildScriptCaches (25ms)
			SetupLoadedEditorAssemblies (205ms)
				LogAssemblyErrors (0ms)
				InitializePlatformSupportModulesInManaged (6ms)
				SetLoadedEditorAssemblies (0ms)
				RefreshPlugins (0ms)
				BeforeProcessingInitializeOnLoad (53ms)
				ProcessInitializeOnLoadAttributes (134ms)
				ProcessInitializeOnLoadMethodAttributes (7ms)
				AfterProcessingInitializeOnLoad (5ms)
				EditorAssembliesLoaded (0ms)
			ExecutionOrderSort2 (0ms)
			AwakeInstancesAfterBackupRestoration (5ms)
Platform modules already initialized, skipping
Refreshing native plugins compatible for Editor in 0.40 ms, found 2 plugins.
Preloading 0 native plugins for Editor in 0.00 ms.
Unloading 1540 Unused Serialized files (Serialized files now loaded: 0)
System memory in use before: 87.8 MB.
System memory in use after: 87.9 MB.

Unloading 14 unused Assets to reduce memory usage. Loaded Objects now: 2045.
Total: 1.829800 ms (FindLiveObjects: 0.165400 ms CreateObjectMapping: 0.036100 ms MarkObjects: 1.613700 ms  DeleteObjects: 0.013600 ms)

AssetImportParameters requested are different than current active one (requested -> active):
  custom:framework-win-MediaFoundation: 216162199b28c13a410421893ffa2e32 -> 
  custom:video-decoder-ogg-theora: a1e56fd34408186e4bbccfd4996cb3dc -> 
  custom:container-muxer-webm: aa71ff27fc2769a1b78a27578f13a17b -> 
  custom:container-demuxer-webm: 4f35f7cbe854078d1ac9338744f61a02 -> 
  custom:container-demuxer-ogg: 62fdf1f143b41e24485cea50d1cbac27 -> 
  custom:video-encoder-webm-vp8: eb34c28f22e8b96e1ab97ce403110664 -> 
  custom:video-decoder-webm-vp8: 9c59270c3fd7afecdb556c50c9e8de78 -> 
  custom:audio-decoder-ogg-vorbis: bf7c407c2cedff20999df2af8eb42d56 -> 
  custom:audio-encoder-webm-vorbis: bf7c407c2cedff20999df2af8eb42d56 -> 
========================================================================
Received Prepare
Registering precompiled user dll's ...
Registered in 0.003649 seconds.
Begin MonoManager ReloadAssembly
Native extension for LinuxStandalone target not found
Native extension for WindowsStandalone target not found
Native extension for OSXStandalone target not found
Refreshing native plugins compatible for Editor in 0.39 ms, found 2 plugins.
Preloading 0 native plugins for Editor in 0.00 ms.
Mono: successfully reloaded assembly
- Completed reload, in  0.663 seconds
Domain Reload Profiling:
	ReloadAssembly (664ms)
		BeginReloadAssembly (77ms)
			ExecutionOrderSort (0ms)
			DisableScriptedObjects (3ms)
			BackupInstance (0ms)
			ReleaseScriptingObjects (0ms)
			CreateAndSetChildDomain (23ms)
		EndReloadAssembly (542ms)
			LoadAssemblies (61ms)
			RebuildTransferFunctionScriptingTraits (0ms)
			SetupTypeCache (183ms)
			ReleaseScriptCaches (1ms)
			RebuildScriptCaches (26ms)
			SetupLoadedEditorAssemblies (211ms)
				LogAssemblyErrors (0ms)
				InitializePlatformSupportModulesInManaged (6ms)
				SetLoadedEditorAssemblies (0ms)
				RefreshPlugins (0ms)
				BeforeProcessingInitializeOnLoad (54ms)
				ProcessInitializeOnLoadAttributes (139ms)
				ProcessInitializeOnLoadMethodAttributes (6ms)
				AfterProcessingInitializeOnLoad (5ms)
				EditorAssembliesLoaded (0ms)
			ExecutionOrderSort2 (0ms)
			AwakeInstancesAfterBackupRestoration (5ms)
Platform modules already initialized, skipping
Refreshing native plugins compatible for Editor in 0.39 ms, found 2 plugins.
Preloading 0 native plugins for Editor in 0.00 ms.
Unloading 1540 Unused Serialized files (Serialized files now loaded: 0)
System memory in use before: 87.8 MB.
System memory in use after: 87.9 MB.

Unloading 14 unused Assets to reduce memory usage. Loaded Objects now: 2047.
Total: 1.618700 ms (FindLiveObjects: 0.144000 ms CreateObjectMapping: 0.029900 ms MarkObjects: 1.430300 ms  DeleteObjects: 0.013700 ms)

AssetImportParameters requested are different than current active one (requested -> active):
  custom:framework-win-MediaFoundation: 216162199b28c13a410421893ffa2e32 -> 
  custom:video-decoder-ogg-theora: a1e56fd34408186e4bbccfd4996cb3dc -> 
  custom:container-muxer-webm: aa71ff27fc2769a1b78a27578f13a17b -> 
  custom:container-demuxer-webm: 4f35f7cbe854078d1ac9338744f61a02 -> 
  custom:container-demuxer-ogg: 62fdf1f143b41e24485cea50d1cbac27 -> 
  custom:video-encoder-webm-vp8: eb34c28f22e8b96e1ab97ce403110664 -> 
  custom:video-decoder-webm-vp8: 9c59270c3fd7afecdb556c50c9e8de78 -> 
  custom:audio-decoder-ogg-vorbis: bf7c407c2cedff20999df2af8eb42d56 -> 
  custom:audio-encoder-webm-vorbis: bf7c407c2cedff20999df2af8eb42d56 -> 
========================================================================
Received Import Request.
  Time since last request: 894.192443 seconds.
  path: Assets/Audio/BGM
  artifactKey: Guid(5804728038ac218478093dc95fc59745) Importer(815301076,1909f56bfc062723c751e8b465ee728b)
Start importing Assets/Audio/BGM using Guid(5804728038ac218478093dc95fc59745) Importer(815301076,1909f56bfc062723c751e8b465ee728b)  -> (artifact id: 'f625d11d542d2e65d1afd709a085c1df') in 0.008739 seconds 
  Import took 0.011602 seconds .

========================================================================
Received Import Request.
  Time since last request: 0.131000 seconds.
  path: Assets/Audio/BGM/BrittleRille.mp3
  artifactKey: Guid(603afc47c7b491449b0d3b46eea8aaa7) Importer(815301076,1909f56bfc062723c751e8b465ee728b)
Start importing Assets/Audio/BGM/BrittleRille.mp3 using Guid(603afc47c7b491449b0d3b46eea8aaa7) Importer(815301076,1909f56bfc062723c751e8b465ee728b)  -> (artifact id: '87cd69e5745229f12b95b92f8275c92b') in 0.042390 seconds 
  Import took 0.044599 seconds .

========================================================================
Received Import Request.
  Time since last request: 0.000129 seconds.
  path: Assets/Audio/BGM/PorchSwingDays.mp3
  artifactKey: Guid(d94f69c95833bb14fbf5c4d74d7ddfca) Importer(815301076,1909f56bfc062723c751e8b465ee728b)
Start importing Assets/Audio/BGM/PorchSwingDays.mp3 using Guid(d94f69c95833bb14fbf5c4d74d7ddfca) Importer(815301076,1909f56bfc062723c751e8b465ee728b)  -> (artifact id: '98f22949215fd0ea54f19e9ebb1c1e91') in 0.014826 seconds 
  Import took 0.016877 seconds .

========================================================================
Received Import Request.
  Time since last request: 0.000128 seconds.
  path: Assets/Audio/BGM/VictoryPiano.wav
  artifactKey: Guid(cabcfe860ffeb6842923d5b436ac51e4) Importer(815301076,1909f56bfc062723c751e8b465ee728b)
Start importing Assets/Audio/BGM/VictoryPiano.wav using Guid(cabcfe860ffeb6842923d5b436ac51e4) Importer(815301076,1909f56bfc062723c751e8b465ee728b)  -> (artifact id: '26957a2ba2d29ee29f5737334ae90014') in 0.015347 seconds 
  Import took 0.017526 seconds .

========================================================================
Received Import Request.
  Time since last request: 0.000129 seconds.
  path: Assets/Audio/BGM/Wallpaper.mp3
  artifactKey: Guid(15f59701fe5f8dd4eb2fb5a35c476c39) Importer(815301076,1909f56bfc062723c751e8b465ee728b)
Start importing Assets/Audio/BGM/Wallpaper.mp3 using Guid(15f59701fe5f8dd4eb2fb5a35c476c39) Importer(815301076,1909f56bfc062723c751e8b465ee728b)  -> (artifact id: '0ff772088700042edc7fcc6e07393350') in 0.013535 seconds 
  Import took 0.015586 seconds .

========================================================================
Received Import Request.
  Time since last request: 0.000126 seconds.
  path: Assets/Audio/BGM/CheeryMonday.mp3
  artifactKey: Guid(2107bbd9621baf84baa76aa9113ac784) Importer(815301076,1909f56bfc062723c751e8b465ee728b)
Start importing Assets/Audio/BGM/CheeryMonday.mp3 using Guid(2107bbd9621baf84baa76aa9113ac784) Importer(815301076,1909f56bfc062723c751e8b465ee728b)  -> (artifact id: '2437b87cd2b2e11d964266364a079ca5') in 0.013638 seconds 
  Import took 0.015933 seconds .

========================================================================
Received Import Request.
  Time since last request: 0.000677 seconds.
  path: Assets/Audio/BGM/CheeryMonday.mp3
  artifactKey: Guid(2107bbd9621baf84baa76aa9113ac784) Importer(815301076,1909f56bfc062723c751e8b465ee728b)
Start importing Assets/Audio/BGM/CheeryMonday.mp3 using Guid(2107bbd9621baf84baa76aa9113ac784) Importer(815301076,1909f56bfc062723c751e8b465ee728b)  -> (artifact id: '2437b87cd2b2e11d964266364a079ca5') in 0.008589 seconds 
  Import took 0.010813 seconds .

========================================================================
Received Import Request.
  Time since last request: 1332.265763 seconds.
  path: Assets/Audio/MasterMixer.mixer
  artifactKey: Guid(5447a5cc068cc68499fffb809ec0ceaf) Importer(815301076,1909f56bfc062723c751e8b465ee728b)
Start importing Assets/Audio/MasterMixer.mixer using Guid(5447a5cc068cc68499fffb809ec0ceaf) Importer(815301076,1909f56bfc062723c751e8b465ee728b)  -> (artifact id: 'be0ae0a9c2e9a668aae60ee4bd1a4578') in 0.006953 seconds 
  Import took 0.009445 seconds .

========================================================================
Received Import Request.
  Time since last request: 0.004627 seconds.
  path: Assets/Audio/MasterMixer.mixer
  artifactKey: Guid(5447a5cc068cc68499fffb809ec0ceaf) Importer(815301076,1909f56bfc062723c751e8b465ee728b)
Start importing Assets/Audio/MasterMixer.mixer using Guid(5447a5cc068cc68499fffb809ec0ceaf) Importer(815301076,1909f56bfc062723c751e8b465ee728b)  -> (artifact id: 'be0ae0a9c2e9a668aae60ee4bd1a4578') in 0.002481 seconds 
  Import took 0.005079 seconds .

========================================================================
Received Import Request.
  Time since last request: 67.868654 seconds.
  path: Assets/Audio/NewAudioMixer.mixer
  artifactKey: Guid(1fbd3df8c0f039443ba8708f32a767cf) Importer(815301076,1909f56bfc062723c751e8b465ee728b)
Start importing Assets/Audio/NewAudioMixer.mixer using Guid(1fbd3df8c0f039443ba8708f32a767cf) Importer(815301076,1909f56bfc062723c751e8b465ee728b)  -> (artifact id: '0484ebab518027480e9632ec0b944f84') in 0.006441 seconds 
  Import took 0.008745 seconds .

========================================================================
Received Import Request.
  Time since last request: 0.000338 seconds.
  path: Assets/Audio/NewAudioMixer.mixer
  artifactKey: Guid(1fbd3df8c0f039443ba8708f32a767cf) Importer(815301076,1909f56bfc062723c751e8b465ee728b)
Start importing Assets/Audio/NewAudioMixer.mixer using Guid(1fbd3df8c0f039443ba8708f32a767cf) Importer(815301076,1909f56bfc062723c751e8b465ee728b)  -> (artifact id: '0484ebab518027480e9632ec0b944f84') in 0.002442 seconds 
  Import took 0.004636 seconds .

========================================================================
Received Prepare
Registering precompiled user dll's ...
Registered in 0.003387 seconds.
Begin MonoManager ReloadAssembly
Native extension for LinuxStandalone target not found
Native extension for WindowsStandalone target not found
Native extension for OSXStandalone target not found
Refreshing native plugins compatible for Editor in 0.38 ms, found 2 plugins.
Preloading 0 native plugins for Editor in 0.00 ms.
Mono: successfully reloaded assembly
- Completed reload, in  0.678 seconds
Domain Reload Profiling:
	ReloadAssembly (679ms)
		BeginReloadAssembly (93ms)
			ExecutionOrderSort (0ms)
			DisableScriptedObjects (4ms)
			BackupInstance (0ms)
			ReleaseScriptingObjects (0ms)
			CreateAndSetChildDomain (26ms)
		EndReloadAssembly (541ms)
			LoadAssemblies (62ms)
			RebuildTransferFunctionScriptingTraits (0ms)
			SetupTypeCache (178ms)
			ReleaseScriptCaches (1ms)
			RebuildScriptCaches (25ms)
			SetupLoadedEditorAssemblies (213ms)
				LogAssemblyErrors (0ms)
				InitializePlatformSupportModulesInManaged (5ms)
				SetLoadedEditorAssemblies (0ms)
				RefreshPlugins (0ms)
				BeforeProcessingInitializeOnLoad (53ms)
				ProcessInitializeOnLoadAttributes (143ms)
				ProcessInitializeOnLoadMethodAttributes (6ms)
				AfterProcessingInitializeOnLoad (5ms)
				EditorAssembliesLoaded (0ms)
			ExecutionOrderSort2 (0ms)
			AwakeInstancesAfterBackupRestoration (5ms)
Platform modules already initialized, skipping
Refreshing native plugins compatible for Editor in 0.35 ms, found 2 plugins.
Preloading 0 native plugins for Editor in 0.00 ms.
Unloading 1540 Unused Serialized files (Serialized files now loaded: 0)
System memory in use before: 87.8 MB.
System memory in use after: 87.9 MB.

Unloading 14 unused Assets to reduce memory usage. Loaded Objects now: 2052.
Total: 1.554900 ms (FindLiveObjects: 0.141500 ms CreateObjectMapping: 0.035700 ms MarkObjects: 1.360000 ms  DeleteObjects: 0.017100 ms)

AssetImportParameters requested are different than current active one (requested -> active):
  custom:framework-win-MediaFoundation: 216162199b28c13a410421893ffa2e32 -> 
  custom:video-decoder-ogg-theora: a1e56fd34408186e4bbccfd4996cb3dc -> 
  custom:container-muxer-webm: aa71ff27fc2769a1b78a27578f13a17b -> 
  custom:container-demuxer-webm: 4f35f7cbe854078d1ac9338744f61a02 -> 
  custom:container-demuxer-ogg: 62fdf1f143b41e24485cea50d1cbac27 -> 
  custom:video-encoder-webm-vp8: eb34c28f22e8b96e1ab97ce403110664 -> 
  custom:video-decoder-webm-vp8: 9c59270c3fd7afecdb556c50c9e8de78 -> 
  custom:audio-decoder-ogg-vorbis: bf7c407c2cedff20999df2af8eb42d56 -> 
  custom:audio-encoder-webm-vorbis: bf7c407c2cedff20999df2af8eb42d56 -> 
========================================================================
Received Import Request.
  Time since last request: 1877.775074 seconds.
  path: Assets/Audio/MasterMixer.mixer
  artifactKey: Guid(5447a5cc068cc68499fffb809ec0ceaf) Importer(815301076,1909f56bfc062723c751e8b465ee728b)
Start importing Assets/Audio/MasterMixer.mixer using Guid(5447a5cc068cc68499fffb809ec0ceaf) Importer(815301076,1909f56bfc062723c751e8b465ee728b)  -> (artifact id: 'e88853e9ffc8bfbf8d797436cf40fe39') in 0.013471 seconds 
  Import took 0.016059 seconds .

========================================================================
Received Import Request.
  Time since last request: 0.076275 seconds.
  path: Assets/Audio/MasterMixer.mixer
  artifactKey: Guid(5447a5cc068cc68499fffb809ec0ceaf) Importer(815301076,1909f56bfc062723c751e8b465ee728b)
Start importing Assets/Audio/MasterMixer.mixer using Guid(5447a5cc068cc68499fffb809ec0ceaf) Importer(815301076,1909f56bfc062723c751e8b465ee728b)  -> (artifact id: 'e88853e9ffc8bfbf8d797436cf40fe39') in 0.002923 seconds 
  Import took 0.005419 seconds .

========================================================================
Received Import Request.
  Time since last request: 3.392092 seconds.
  path: Assets/Audio/MasterMixer.mixer
  artifactKey: Guid(5447a5cc068cc68499fffb809ec0ceaf) Importer(815301076,1909f56bfc062723c751e8b465ee728b)
Start importing Assets/Audio/MasterMixer.mixer using Guid(5447a5cc068cc68499fffb809ec0ceaf) Importer(815301076,1909f56bfc062723c751e8b465ee728b)  -> (artifact id: '0d604b56354d20b21d7528a995ef1325') in 0.002763 seconds 
  Import took 0.005672 seconds .

========================================================================
Received Import Request.
  Time since last request: 28.428276 seconds.
  path: Assets/Audio/MasterMixer.mixer
  artifactKey: Guid(5447a5cc068cc68499fffb809ec0ceaf) Importer(815301076,1909f56bfc062723c751e8b465ee728b)
Start importing Assets/Audio/MasterMixer.mixer using Guid(5447a5cc068cc68499fffb809ec0ceaf) Importer(815301076,1909f56bfc062723c751e8b465ee728b)  -> (artifact id: 'b83c318ea2b71fb7494e7a79614db080') in 0.002582 seconds 
  Import took 0.004796 seconds .

========================================================================
Received Import Request.
  Time since last request: 0.019607 seconds.
  path: Assets/Audio/MasterMixer.mixer
  artifactKey: Guid(5447a5cc068cc68499fffb809ec0ceaf) Importer(815301076,1909f56bfc062723c751e8b465ee728b)
Start importing Assets/Audio/MasterMixer.mixer using Guid(5447a5cc068cc68499fffb809ec0ceaf) Importer(815301076,1909f56bfc062723c751e8b465ee728b)  -> (artifact id: 'b83c318ea2b71fb7494e7a79614db080') in 0.003277 seconds 
  Import took 0.006008 seconds .

========================================================================
Received Import Request.
  Time since last request: 3.606017 seconds.
  path: Assets/Audio/MasterMixer.mixer
  artifactKey: Guid(5447a5cc068cc68499fffb809ec0ceaf) Importer(815301076,1909f56bfc062723c751e8b465ee728b)
Start importing Assets/Audio/MasterMixer.mixer using Guid(5447a5cc068cc68499fffb809ec0ceaf) Importer(815301076,1909f56bfc062723c751e8b465ee728b)  -> (artifact id: 'b48c049f8a08380ec035c18b039b5df7') in 0.002400 seconds 
  Import took 0.004523 seconds .

========================================================================
Received Import Request.
  Time since last request: 0.024581 seconds.
  path: Assets/Audio/MasterMixer.mixer
  artifactKey: Guid(5447a5cc068cc68499fffb809ec0ceaf) Importer(815301076,1909f56bfc062723c751e8b465ee728b)
Start importing Assets/Audio/MasterMixer.mixer using Guid(5447a5cc068cc68499fffb809ec0ceaf) Importer(815301076,1909f56bfc062723c751e8b465ee728b)  -> (artifact id: 'b48c049f8a08380ec035c18b039b5df7') in 0.002748 seconds 
  Import took 0.005590 seconds .

========================================================================
Received Import Request.
  Time since last request: 5.124934 seconds.
  path: Assets/Audio/MasterMixer.mixer
  artifactKey: Guid(5447a5cc068cc68499fffb809ec0ceaf) Importer(815301076,1909f56bfc062723c751e8b465ee728b)
Start importing Assets/Audio/MasterMixer.mixer using Guid(5447a5cc068cc68499fffb809ec0ceaf) Importer(815301076,1909f56bfc062723c751e8b465ee728b)  -> (artifact id: 'cb88c71ae267d8a03bba7bdd6cd02851') in 0.002560 seconds 
  Import took 0.004890 seconds .

========================================================================
Received Import Request.
  Time since last request: 0.004180 seconds.
  path: Assets/Audio/MasterMixer.mixer
  artifactKey: Guid(5447a5cc068cc68499fffb809ec0ceaf) Importer(815301076,1909f56bfc062723c751e8b465ee728b)
Start importing Assets/Audio/MasterMixer.mixer using Guid(5447a5cc068cc68499fffb809ec0ceaf) Importer(815301076,1909f56bfc062723c751e8b465ee728b)  -> (artifact id: 'cb88c71ae267d8a03bba7bdd6cd02851') in 0.002391 seconds 
  Import took 0.004718 seconds .

========================================================================
Received Import Request.
  Time since last request: 0.974384 seconds.
  path: Assets/Audio/MasterMixer.mixer
  artifactKey: Guid(5447a5cc068cc68499fffb809ec0ceaf) Importer(815301076,1909f56bfc062723c751e8b465ee728b)
Start importing Assets/Audio/MasterMixer.mixer using Guid(5447a5cc068cc68499fffb809ec0ceaf) Importer(815301076,1909f56bfc062723c751e8b465ee728b)  -> (artifact id: '4bdf16f6938fc9c0319de7e664d12996') in 0.002520 seconds 
  Import took 0.004699 seconds .

========================================================================
Received Import Request.
  Time since last request: 0.022603 seconds.
  path: Assets/Audio/MasterMixer.mixer
  artifactKey: Guid(5447a5cc068cc68499fffb809ec0ceaf) Importer(815301076,1909f56bfc062723c751e8b465ee728b)
Start importing Assets/Audio/MasterMixer.mixer using Guid(5447a5cc068cc68499fffb809ec0ceaf) Importer(815301076,1909f56bfc062723c751e8b465ee728b)  -> (artifact id: '4bdf16f6938fc9c0319de7e664d12996') in 0.002787 seconds 
  Import took 0.005603 seconds .

========================================================================
Received Import Request.
  Time since last request: 1.895963 seconds.
  path: Assets/Audio/MasterMixer.mixer
  artifactKey: Guid(5447a5cc068cc68499fffb809ec0ceaf) Importer(815301076,1909f56bfc062723c751e8b465ee728b)
Start importing Assets/Audio/MasterMixer.mixer using Guid(5447a5cc068cc68499fffb809ec0ceaf) Importer(815301076,1909f56bfc062723c751e8b465ee728b)  -> (artifact id: '9a40a0b94c149532209d57065f2d45b8') in 0.003507 seconds 
  Import took 0.006581 seconds .

========================================================================
Received Prepare
Registering precompiled user dll's ...
Registered in 0.003329 seconds.
Begin MonoManager ReloadAssembly
Native extension for LinuxStandalone target not found
Native extension for WindowsStandalone target not found
Native extension for OSXStandalone target not found
Refreshing native plugins compatible for Editor in 0.39 ms, found 2 plugins.
Preloading 0 native plugins for Editor in 0.00 ms.
Mono: successfully reloaded assembly
- Completed reload, in  0.651 seconds
Domain Reload Profiling:
	ReloadAssembly (651ms)
		BeginReloadAssembly (80ms)
			ExecutionOrderSort (0ms)
			DisableScriptedObjects (3ms)
			BackupInstance (0ms)
			ReleaseScriptingObjects (0ms)
			CreateAndSetChildDomain (25ms)
		EndReloadAssembly (528ms)
			LoadAssemblies (62ms)
			RebuildTransferFunctionScriptingTraits (0ms)
			SetupTypeCache (177ms)
			ReleaseScriptCaches (1ms)
			RebuildScriptCaches (24ms)
			SetupLoadedEditorAssemblies (203ms)
				LogAssemblyErrors (0ms)
				InitializePlatformSupportModulesInManaged (5ms)
				SetLoadedEditorAssemblies (0ms)
				RefreshPlugins (0ms)
				BeforeProcessingInitializeOnLoad (51ms)
				ProcessInitializeOnLoadAttributes (134ms)
				ProcessInitializeOnLoadMethodAttributes (6ms)
				AfterProcessingInitializeOnLoad (5ms)
				EditorAssembliesLoaded (0ms)
			ExecutionOrderSort2 (0ms)
			AwakeInstancesAfterBackupRestoration (5ms)
Platform modules already initialized, skipping
Refreshing native plugins compatible for Editor in 0.43 ms, found 2 plugins.
Preloading 0 native plugins for Editor in 0.00 ms.
Unloading 1540 Unused Serialized files (Serialized files now loaded: 0)
System memory in use before: 87.8 MB.
System memory in use after: 88.0 MB.

Unloading 14 unused Assets to reduce memory usage. Loaded Objects now: 2054.
Total: 1.727900 ms (FindLiveObjects: 0.152700 ms CreateObjectMapping: 0.032400 ms MarkObjects: 1.525900 ms  DeleteObjects: 0.016100 ms)

AssetImportParameters requested are different than current active one (requested -> active):
  custom:framework-win-MediaFoundation: 216162199b28c13a410421893ffa2e32 -> 
  custom:video-decoder-ogg-theora: a1e56fd34408186e4bbccfd4996cb3dc -> 
  custom:container-muxer-webm: aa71ff27fc2769a1b78a27578f13a17b -> 
  custom:container-demuxer-webm: 4f35f7cbe854078d1ac9338744f61a02 -> 
  custom:container-demuxer-ogg: 62fdf1f143b41e24485cea50d1cbac27 -> 
  custom:video-encoder-webm-vp8: eb34c28f22e8b96e1ab97ce403110664 -> 
  custom:video-decoder-webm-vp8: 9c59270c3fd7afecdb556c50c9e8de78 -> 
  custom:audio-decoder-ogg-vorbis: bf7c407c2cedff20999df2af8eb42d56 -> 
  custom:audio-encoder-webm-vorbis: bf7c407c2cedff20999df2af8eb42d56 -> 
========================================================================
Received Prepare
Registering precompiled user dll's ...
Registered in 0.003463 seconds.
Begin MonoManager ReloadAssembly
Native extension for LinuxStandalone target not found
Native extension for WindowsStandalone target not found
Native extension for OSXStandalone target not found
Refreshing native plugins compatible for Editor in 0.39 ms, found 2 plugins.
Preloading 0 native plugins for Editor in 0.00 ms.
Mono: successfully reloaded assembly
- Completed reload, in  0.714 seconds
Domain Reload Profiling:
	ReloadAssembly (715ms)
		BeginReloadAssembly (102ms)
			ExecutionOrderSort (0ms)
			DisableScriptedObjects (3ms)
			BackupInstance (0ms)
			ReleaseScriptingObjects (0ms)
			CreateAndSetChildDomain (29ms)
		EndReloadAssembly (558ms)
			LoadAssemblies (67ms)
			RebuildTransferFunctionScriptingTraits (0ms)
			SetupTypeCache (195ms)
			ReleaseScriptCaches (1ms)
			RebuildScriptCaches (27ms)
			SetupLoadedEditorAssemblies (210ms)
				LogAssemblyErrors (0ms)
				InitializePlatformSupportModulesInManaged (6ms)
				SetLoadedEditorAssemblies (0ms)
				RefreshPlugins (0ms)
				BeforeProcessingInitializeOnLoad (53ms)
				ProcessInitializeOnLoadAttributes (140ms)
				ProcessInitializeOnLoadMethodAttributes (6ms)
				AfterProcessingInitializeOnLoad (4ms)
				EditorAssembliesLoaded (0ms)
			ExecutionOrderSort2 (0ms)
			AwakeInstancesAfterBackupRestoration (5ms)
Platform modules already initialized, skipping
Refreshing native plugins compatible for Editor in 0.39 ms, found 2 plugins.
Preloading 0 native plugins for Editor in 0.00 ms.
Unloading 1540 Unused Serialized files (Serialized files now loaded: 0)
System memory in use before: 87.8 MB.
System memory in use after: 88.0 MB.

Unloading 14 unused Assets to reduce memory usage. Loaded Objects now: 2056.
Total: 1.773500 ms (FindLiveObjects: 0.170200 ms CreateObjectMapping: 0.052000 ms MarkObjects: 1.535500 ms  DeleteObjects: 0.015200 ms)

AssetImportParameters requested are different than current active one (requested -> active):
  custom:framework-win-MediaFoundation: 216162199b28c13a410421893ffa2e32 -> 
  custom:video-decoder-ogg-theora: a1e56fd34408186e4bbccfd4996cb3dc -> 
  custom:container-muxer-webm: aa71ff27fc2769a1b78a27578f13a17b -> 
  custom:container-demuxer-webm: 4f35f7cbe854078d1ac9338744f61a02 -> 
  custom:container-demuxer-ogg: 62fdf1f143b41e24485cea50d1cbac27 -> 
  custom:video-encoder-webm-vp8: eb34c28f22e8b96e1ab97ce403110664 -> 
  custom:video-decoder-webm-vp8: 9c59270c3fd7afecdb556c50c9e8de78 -> 
  custom:audio-decoder-ogg-vorbis: bf7c407c2cedff20999df2af8eb42d56 -> 
  custom:audio-encoder-webm-vorbis: bf7c407c2cedff20999df2af8eb42d56 -> 
========================================================================
Received Import Request.
  Time since last request: 5286.621041 seconds.
  path: Assets/Prefabs/ApplyButton.prefab
  artifactKey: Guid(c3a02e98d418dda48b8826c05c2b1e90) Importer(815301076,1909f56bfc062723c751e8b465ee728b)
Start importing Assets/Prefabs/ApplyButton.prefab using Guid(c3a02e98d418dda48b8826c05c2b1e90) Importer(815301076,1909f56bfc062723c751e8b465ee728b)  -> (artifact id: 'aad8985689921d71ae8110a89334ae8d') in 0.033994 seconds 
  Import took 0.036709 seconds .

========================================================================
Received Import Request.
  Time since last request: 0.000151 seconds.
  path: Assets/Prefabs/ExitButton.prefab
  artifactKey: Guid(b42da4a7a023a0741808294e103ac7d2) Importer(815301076,1909f56bfc062723c751e8b465ee728b)
Start importing Assets/Prefabs/ExitButton.prefab using Guid(b42da4a7a023a0741808294e103ac7d2) Importer(815301076,1909f56bfc062723c751e8b465ee728b)  -> (artifact id: '70e488c9b6c3a13cdfa2fe5318aceeeb') in 0.008159 seconds 
  Import took 0.010310 seconds .

========================================================================
Received Import Request.
  Time since last request: 0.000136 seconds.
  path: Assets/Prefabs/PauseCanvas.prefab
  artifactKey: Guid(e605664d7cb23ea448436622a7c3f2e0) Importer(815301076,1909f56bfc062723c751e8b465ee728b)
Start importing Assets/Prefabs/PauseCanvas.prefab using Guid(e605664d7cb23ea448436622a7c3f2e0) Importer(815301076,1909f56bfc062723c751e8b465ee728b)  -> (artifact id: '2dfb0439629003985267dac22fab30f8') in 0.009992 seconds 
  Import took 0.012332 seconds .

========================================================================
Received Import Request.
  Time since last request: 0.000149 seconds.
  path: Assets/Prefabs/WinCanvas.prefab
  artifactKey: Guid(18cdb81f8ebd58a48896ff1430756017) Importer(815301076,1909f56bfc062723c751e8b465ee728b)
Start importing Assets/Prefabs/WinCanvas.prefab using Guid(18cdb81f8ebd58a48896ff1430756017) Importer(815301076,1909f56bfc062723c751e8b465ee728b)  -> (artifact id: 'd0d2e792c46841db4016d352623e817d') in 0.010207 seconds 
  Import took 0.012416 seconds .

========================================================================
Received Import Request.
  Time since last request: 0.000122 seconds.
  path: Assets/Prefabs/OptionsButton.prefab
  artifactKey: Guid(aa08bafae45c4e443b25f1c3e4fdb3ad) Importer(815301076,1909f56bfc062723c751e8b465ee728b)
Start importing Assets/Prefabs/OptionsButton.prefab using Guid(aa08bafae45c4e443b25f1c3e4fdb3ad) Importer(815301076,1909f56bfc062723c751e8b465ee728b)  -> (artifact id: 'b42130c608ee86fa1a01e546b6df226d') in 0.008119 seconds 
  Import took 0.010447 seconds .

========================================================================
Received Import Request.
  Time since last request: 0.000131 seconds.
  path: Assets/Prefabs/TimerCanvas.prefab
  artifactKey: Guid(dcce6e9858de326438db360198134c28) Importer(815301076,1909f56bfc062723c751e8b465ee728b)
Start importing Assets/Prefabs/TimerCanvas.prefab using Guid(dcce6e9858de326438db360198134c28) Importer(815301076,1909f56bfc062723c751e8b465ee728b)  -> (artifact id: '77e2a590874c96182f44851b8418b6ce') in 0.008407 seconds 
  Import took 0.010624 seconds .

========================================================================
Received Import Request.
  Time since last request: 0.000199 seconds.
  path: Assets/Prefabs/PauseMenu.prefab
  artifactKey: Guid(42b6311f17c38d849812c63aa4fccc27) Importer(815301076,1909f56bfc062723c751e8b465ee728b)
Start importing Assets/Prefabs/PauseMenu.prefab using Guid(42b6311f17c38d849812c63aa4fccc27) Importer(815301076,1909f56bfc062723c751e8b465ee728b)  -> (artifact id: 'a8906f640bf8808341f640ccbf757737') in 0.007862 seconds 
  Import took 0.010213 seconds .

========================================================================
Received Import Request.
  Time since last request: 0.000119 seconds.
  path: Assets/Prefabs/Player.prefab
  artifactKey: Guid(841251a6fac61d14794b6401cc78f786) Importer(815301076,1909f56bfc062723c751e8b465ee728b)
Start importing Assets/Prefabs/Player.prefab using Guid(841251a6fac61d14794b6401cc78f786) Importer(815301076,1909f56bfc062723c751e8b465ee728b)  -> (artifact id: '99e7b3b9b7567cf704c4a24160a89e0d') in 0.164489 seconds 
  Import took 0.167448 seconds .

========================================================================
Received Import Request.
  Time since last request: 0.000150 seconds.
  path: Assets/Prefabs/BackButton.prefab
  artifactKey: Guid(55ea82df95a6bbf4bbc703e5cdd48399) Importer(815301076,1909f56bfc062723c751e8b465ee728b)
Start importing Assets/Prefabs/BackButton.prefab using Guid(55ea82df95a6bbf4bbc703e5cdd48399) Importer(815301076,1909f56bfc062723c751e8b465ee728b)  -> (artifact id: '108303fe34e23119ed5d0917557181ae') in 0.008651 seconds 
  Import took 0.011571 seconds .

========================================================================
Received Import Request.
  Time since last request: 3.066627 seconds.
  path: Assets/Prefabs/MenuSFX.prefab
  artifactKey: Guid(5cd652eb5168b8845ba1387a68171693) Importer(815301076,1909f56bfc062723c751e8b465ee728b)
Start importing Assets/Prefabs/MenuSFX.prefab using Guid(5cd652eb5168b8845ba1387a68171693) Importer(815301076,1909f56bfc062723c751e8b465ee728b)  -> (artifact id: '595854b7cb60bde542197cf54c9b8835') in 0.006949 seconds 
  Import took 0.009619 seconds .

========================================================================
Received Import Request.
  Time since last request: 0.006176 seconds.
  path: Assets/Prefabs/MenuSFX.prefab
  artifactKey: Guid(5cd652eb5168b8845ba1387a68171693) Importer(815301076,1909f56bfc062723c751e8b465ee728b)
Start importing Assets/Prefabs/MenuSFX.prefab using Guid(5cd652eb5168b8845ba1387a68171693) Importer(815301076,1909f56bfc062723c751e8b465ee728b)  -> (artifact id: '595854b7cb60bde542197cf54c9b8835') in 0.003605 seconds 
  Import took 0.005960 seconds .

========================================================================
Received Import Request.
  Time since last request: 288.712539 seconds.
  path: Assets/Scripts/MusicManager.cs
  artifactKey: Guid(c00a51ac1f4335a49932b153e7bb1c3e) Importer(815301076,1909f56bfc062723c751e8b465ee728b)
Start importing Assets/Scripts/MusicManager.cs using Guid(c00a51ac1f4335a49932b153e7bb1c3e) Importer(815301076,1909f56bfc062723c751e8b465ee728b)  -> (artifact id: '948fe8cc123c20f7b70e68bb252a9fbd') in 0.005819 seconds 
  Import took 0.008501 seconds .

========================================================================
Received Prepare
Registering precompiled user dll's ...
Registered in 0.003101 seconds.
Begin MonoManager ReloadAssembly
Native extension for LinuxStandalone target not found
Native extension for WindowsStandalone target not found
Native extension for OSXStandalone target not found
Refreshing native plugins compatible for Editor in 0.39 ms, found 2 plugins.
Preloading 0 native plugins for Editor in 0.00 ms.
Mono: successfully reloaded assembly
- Completed reload, in  0.683 seconds
Domain Reload Profiling:
	ReloadAssembly (683ms)
		BeginReloadAssembly (81ms)
			ExecutionOrderSort (0ms)
			DisableScriptedObjects (3ms)
			BackupInstance (0ms)
			ReleaseScriptingObjects (0ms)
			CreateAndSetChildDomain (26ms)
		EndReloadAssembly (556ms)
			LoadAssemblies (60ms)
			RebuildTransferFunctionScriptingTraits (0ms)
			SetupTypeCache (186ms)
			ReleaseScriptCaches (1ms)
			RebuildScriptCaches (29ms)
			SetupLoadedEditorAssemblies (205ms)
				LogAssemblyErrors (0ms)
				InitializePlatformSupportModulesInManaged (6ms)
				SetLoadedEditorAssemblies (0ms)
				RefreshPlugins (0ms)
				BeforeProcessingInitializeOnLoad (51ms)
				ProcessInitializeOnLoadAttributes (136ms)
				ProcessInitializeOnLoadMethodAttributes (7ms)
				AfterProcessingInitializeOnLoad (5ms)
				EditorAssembliesLoaded (0ms)
			ExecutionOrderSort2 (0ms)
			AwakeInstancesAfterBackupRestoration (5ms)
Platform modules already initialized, skipping
Refreshing native plugins compatible for Editor in 0.44 ms, found 2 plugins.
Preloading 0 native plugins for Editor in 0.00 ms.
Unloading 1541 Unused Serialized files (Serialized files now loaded: 0)
System memory in use before: 88.0 MB.
System memory in use after: 88.1 MB.

Unloading 14 unused Assets to reduce memory usage. Loaded Objects now: 2061.
Total: 1.857500 ms (FindLiveObjects: 0.247700 ms CreateObjectMapping: 0.055400 ms MarkObjects: 1.538000 ms  DeleteObjects: 0.015200 ms)

AssetImportParameters requested are different than current active one (requested -> active):
  custom:framework-win-MediaFoundation: 216162199b28c13a410421893ffa2e32 -> 
  custom:video-decoder-ogg-theora: a1e56fd34408186e4bbccfd4996cb3dc -> 
  custom:container-muxer-webm: aa71ff27fc2769a1b78a27578f13a17b -> 
  custom:container-demuxer-webm: 4f35f7cbe854078d1ac9338744f61a02 -> 
  custom:container-demuxer-ogg: 62fdf1f143b41e24485cea50d1cbac27 -> 
  custom:video-encoder-webm-vp8: eb34c28f22e8b96e1ab97ce403110664 -> 
  custom:video-decoder-webm-vp8: 9c59270c3fd7afecdb556c50c9e8de78 -> 
  custom:audio-decoder-ogg-vorbis: bf7c407c2cedff20999df2af8eb42d56 -> 
  custom:audio-encoder-webm-vorbis: bf7c407c2cedff20999df2af8eb42d56 -> 
========================================================================
Received Import Request.
  Time since last request: 128.381947 seconds.
  path: Assets/Scripts/MusicManager.cs
  artifactKey: Guid(c00a51ac1f4335a49932b153e7bb1c3e) Importer(815301076,1909f56bfc062723c751e8b465ee728b)
Start importing Assets/Scripts/MusicManager.cs using Guid(c00a51ac1f4335a49932b153e7bb1c3e) Importer(815301076,1909f56bfc062723c751e8b465ee728b)  -> (artifact id: '25a8824a45ef336708db6e695315e68f') in 0.006293 seconds 
  Import took 0.008966 seconds .

========================================================================
Received Prepare
Registering precompiled user dll's ...
Registered in 0.003131 seconds.
Begin MonoManager ReloadAssembly
Native extension for LinuxStandalone target not found
Native extension for WindowsStandalone target not found
Native extension for OSXStandalone target not found
Refreshing native plugins compatible for Editor in 0.41 ms, found 2 plugins.
Preloading 0 native plugins for Editor in 0.00 ms.
Mono: successfully reloaded assembly
- Completed reload, in  0.657 seconds
Domain Reload Profiling:
	ReloadAssembly (658ms)
		BeginReloadAssembly (84ms)
			ExecutionOrderSort (0ms)
			DisableScriptedObjects (3ms)
			BackupInstance (0ms)
			ReleaseScriptingObjects (0ms)
			CreateAndSetChildDomain (24ms)
		EndReloadAssembly (530ms)
			LoadAssemblies (60ms)
			RebuildTransferFunctionScriptingTraits (0ms)
			SetupTypeCache (179ms)
			ReleaseScriptCaches (1ms)
			RebuildScriptCaches (24ms)
			SetupLoadedEditorAssemblies (206ms)
				LogAssemblyErrors (0ms)
				InitializePlatformSupportModulesInManaged (6ms)
				SetLoadedEditorAssemblies (0ms)
				RefreshPlugins (0ms)
				BeforeProcessingInitializeOnLoad (52ms)
				ProcessInitializeOnLoadAttributes (136ms)
				ProcessInitializeOnLoadMethodAttributes (6ms)
				AfterProcessingInitializeOnLoad (5ms)
				EditorAssembliesLoaded (0ms)
			ExecutionOrderSort2 (0ms)
			AwakeInstancesAfterBackupRestoration (5ms)
Platform modules already initialized, skipping
Refreshing native plugins compatible for Editor in 0.35 ms, found 2 plugins.
Preloading 0 native plugins for Editor in 0.00 ms.
Unloading 1541 Unused Serialized files (Serialized files now loaded: 0)
System memory in use before: 88.0 MB.
System memory in use after: 88.1 MB.

Unloading 14 unused Assets to reduce memory usage. Loaded Objects now: 2063.
Total: 1.757500 ms (FindLiveObjects: 0.172700 ms CreateObjectMapping: 0.038100 ms MarkObjects: 1.532000 ms  DeleteObjects: 0.013300 ms)

AssetImportParameters requested are different than current active one (requested -> active):
  custom:framework-win-MediaFoundation: 216162199b28c13a410421893ffa2e32 -> 
  custom:video-decoder-ogg-theora: a1e56fd34408186e4bbccfd4996cb3dc -> 
  custom:container-muxer-webm: aa71ff27fc2769a1b78a27578f13a17b -> 
  custom:container-demuxer-webm: 4f35f7cbe854078d1ac9338744f61a02 -> 
  custom:container-demuxer-ogg: 62fdf1f143b41e24485cea50d1cbac27 -> 
  custom:video-encoder-webm-vp8: eb34c28f22e8b96e1ab97ce403110664 -> 
  custom:video-decoder-webm-vp8: 9c59270c3fd7afecdb556c50c9e8de78 -> 
  custom:audio-decoder-ogg-vorbis: bf7c407c2cedff20999df2af8eb42d56 -> 
  custom:audio-encoder-webm-vorbis: bf7c407c2cedff20999df2af8eb42d56 -> 
========================================================================
Received Prepare
Registering precompiled user dll's ...
Registered in 0.003438 seconds.
Begin MonoManager ReloadAssembly
Native extension for LinuxStandalone target not found
Native extension for WindowsStandalone target not found
Native extension for OSXStandalone target not found
Refreshing native plugins compatible for Editor in 0.38 ms, found 2 plugins.
Preloading 0 native plugins for Editor in 0.00 ms.
Mono: successfully reloaded assembly
- Completed reload, in  0.683 seconds
Domain Reload Profiling:
	ReloadAssembly (683ms)
		BeginReloadAssembly (92ms)
			ExecutionOrderSort (0ms)
			DisableScriptedObjects (3ms)
			BackupInstance (0ms)
			ReleaseScriptingObjects (0ms)
			CreateAndSetChildDomain (29ms)
		EndReloadAssembly (545ms)
			LoadAssemblies (63ms)
			RebuildTransferFunctionScriptingTraits (0ms)
			SetupTypeCache (198ms)
			ReleaseScriptCaches (1ms)
			RebuildScriptCaches (23ms)
			SetupLoadedEditorAssemblies (201ms)
				LogAssemblyErrors (0ms)
				InitializePlatformSupportModulesInManaged (6ms)
				SetLoadedEditorAssemblies (0ms)
				RefreshPlugins (0ms)
				BeforeProcessingInitializeOnLoad (53ms)
				ProcessInitializeOnLoadAttributes (130ms)
				ProcessInitializeOnLoadMethodAttributes (6ms)
				AfterProcessingInitializeOnLoad (4ms)
				EditorAssembliesLoaded (0ms)
			ExecutionOrderSort2 (0ms)
			AwakeInstancesAfterBackupRestoration (5ms)
Platform modules already initialized, skipping
Refreshing native plugins compatible for Editor in 0.45 ms, found 2 plugins.
Preloading 0 native plugins for Editor in 0.00 ms.
Unloading 1541 Unused Serialized files (Serialized files now loaded: 0)
System memory in use before: 88.0 MB.
System memory in use after: 88.1 MB.

Unloading 14 unused Assets to reduce memory usage. Loaded Objects now: 2065.
Total: 1.777500 ms (FindLiveObjects: 0.165700 ms CreateObjectMapping: 0.063700 ms MarkObjects: 1.533200 ms  DeleteObjects: 0.014100 ms)

AssetImportParameters requested are different than current active one (requested -> active):
  custom:framework-win-MediaFoundation: 216162199b28c13a410421893ffa2e32 -> 
  custom:video-decoder-ogg-theora: a1e56fd34408186e4bbccfd4996cb3dc -> 
  custom:container-muxer-webm: aa71ff27fc2769a1b78a27578f13a17b -> 
  custom:container-demuxer-webm: 4f35f7cbe854078d1ac9338744f61a02 -> 
  custom:container-demuxer-ogg: 62fdf1f143b41e24485cea50d1cbac27 -> 
  custom:video-encoder-webm-vp8: eb34c28f22e8b96e1ab97ce403110664 -> 
  custom:video-decoder-webm-vp8: 9c59270c3fd7afecdb556c50c9e8de78 -> 
  custom:audio-decoder-ogg-vorbis: bf7c407c2cedff20999df2af8eb42d56 -> 
  custom:audio-encoder-webm-vorbis: bf7c407c2cedff20999df2af8eb42d56 -> 
